2023-10-28 23:06:27.936 [info] Extension host with pid 6429 started
2023-10-28 23:06:27.936 [info] Skipping acquiring lock for /home/shelf/.config/Code/User/workspaceStorage/8464be60b9216e759f46661537dba315.
2023-10-28 23:06:28.038 [info] ExtensionService#_doActivateExtension vscode.emmet, startup: false, activationEvent: 'onLanguage'
2023-10-28 23:06:28.049 [info] ExtensionService#_doActivateExtension vscode.html-language-features, startup: false, activationEvent: 'onLanguage:html'
2023-10-28 23:06:28.780 [info] ExtensionService#_doActivateExtension vscode.git-base, startup: true, activationEvent: '*', root cause: vscode.git
2023-10-28 23:06:28.783 [info] ExtensionService#_doActivateExtension vscodevim.vim, startup: true, activationEvent: '*'
2023-10-28 23:06:28.907 [info] ExtensionService#_doActivateExtension vscode.git, startup: true, activationEvent: '*'
2023-10-28 23:06:28.938 [info] ExtensionService#_doActivateExtension vscode.github, startup: true, activationEvent: '*'
2023-10-28 23:06:29.035 [info] Eager extensions activated
2023-10-28 23:06:29.062 [info] ExtensionService#_doActivateExtension vscode.debug-auto-launch, startup: false, activationEvent: 'onStartupFinished'
2023-10-28 23:06:29.074 [info] ExtensionService#_doActivateExtension vscode.merge-conflict, startup: false, activationEvent: 'onStartupFinished'
2023-10-28 23:06:29.091 [info] ExtensionService#_doActivateExtension ritwickdey.LiveServer, startup: false, activationEvent: 'onStartupFinished'
2023-10-28 23:06:29.891 [error] Error: ENOENT: no such file or directory, open '/home/shelf/.config/Code/User/globalStorage/vscodevim.vim/.registers'
2023-10-28 23:07:34.280 [info] ExtensionService#_doActivateExtension ecmel.vscode-html-css, startup: false, activationEvent: '*'
2023-10-28 23:07:53.436 [info] ExtensionService#_doActivateExtension bradlc.vscode-tailwindcss, startup: false, activationEvent: 'onStartupFinished'
2023-10-28 23:08:07.927 [error] [ecmel.vscode-html-css] provider FAILED
2023-10-28 23:08:07.927 [error] undefined
2023-10-28 23:08:10.025 [error] [ecmel.vscode-html-css] provider FAILED
2023-10-28 23:08:10.025 [error] undefined
2023-10-28 23:08:10.354 [error] [ecmel.vscode-html-css] provider FAILED
2023-10-28 23:08:10.354 [error] undefined
2023-10-28 23:08:10.545 [error] [ecmel.vscode-html-css] provider FAILED
2023-10-28 23:08:10.545 [error] undefined
2023-10-28 23:08:13.239 [error] [ecmel.vscode-html-css] provider FAILED
2023-10-28 23:08:13.239 [error] undefined
2023-10-28 23:27:30.365 [info] Extension host terminating: renderer closed the MessagePort
2023-10-28 23:27:30.390 [error] TypeError: r.some is not a function
	at d.saveToDisk (/home/shelf/.vscode/extensions/vscodevim.vim-1.26.1/out/extension.js:2:674100)
	at t.deactivate (/home/shelf/.vscode/extensions/vscodevim.vim-1.26.1/out/extension.js:2:213749)
	at s.cb (/home/shelf/src/vscode/resources/app/out/vs/workbench/api/node/extensionHostProcess.js:136:9651)
	at /home/shelf/src/vscode/resources/app/out/vs/workbench/api/node/extensionHostProcess.js:136:7796
	at Array.map (<anonymous>)
	at s.Y (/home/shelf/src/vscode/resources/app/out/vs/workbench/api/node/extensionHostProcess.js:136:7784)
	at s.terminate (/home/shelf/src/vscode/resources/app/out/vs/workbench/api/node/extensionHostProcess.js:136:8054)
	at o.terminate (/home/shelf/src/vscode/resources/app/out/vs/workbench/api/node/extensionHostProcess.js:140:1513)
	at l (/home/shelf/src/vscode/resources/app/out/vs/workbench/api/node/extensionHostProcess.js:153:9801)
	at MessagePortMain.<anonymous> (/home/shelf/src/vscode/resources/app/out/vs/workbench/api/node/extensionHostProcess.js:153:6226)
	at MessagePortMain.emit (node:events:513:28)
	at MessagePortMain._internalPort.emit (node:electron/js2c/utility_init:2:367)
2023-10-28 23:27:30.393 [info] Extension host with pid 6429 exiting with code 0
