2023-10-20 17:39:16.951 [info] Log level: Info
2023-10-20 17:39:16.951 [info] Validating found git in: "git"
2023-10-20 17:39:16.951 [info] Using git "2.42.0" from "git"
2023-10-20 17:39:16.951 [info] > git rev-parse --show-toplevel [10ms]
2023-10-20 17:39:16.951 [info] fatal: not a git repository (or any parent up to mount point /mnt)
Stopping at filesystem boundary (GIT_DISCOVERY_ACROSS_FILESYSTEM not set).
2023-10-20 17:39:16.951 [info] > git rev-parse --show-toplevel [2ms]
2023-10-20 17:39:16.951 [info] fatal: not a git repository (or any parent up to mount point /mnt)
Stopping at filesystem boundary (GIT_DISCOVERY_ACROSS_FILESYSTEM not set).
2023-10-20 17:39:49.502 [info] > git rev-parse --show-toplevel [2ms]
2023-10-20 17:39:49.502 [info] fatal: not a git repository (or any parent up to mount point /mnt)
Stopping at filesystem boundary (GIT_DISCOVERY_ACROSS_FILESYSTEM not set).
2023-10-20 17:40:08.854 [info] > git rev-parse --show-toplevel [3ms]
2023-10-20 17:40:08.855 [info] fatal: not a git repository (or any parent up to mount point /mnt)
Stopping at filesystem boundary (GIT_DISCOVERY_ACROSS_FILESYSTEM not set).
2023-10-20 17:41:33.695 [info] > git rev-parse --show-toplevel [1ms]
2023-10-20 17:41:33.695 [info] fatal: not a git repository (or any parent up to mount point /mnt)
Stopping at filesystem boundary (GIT_DISCOVERY_ACROSS_FILESYSTEM not set).
2023-10-20 19:27:07.550 [info] > git rev-parse --show-toplevel [6ms]
2023-10-20 19:27:07.550 [info] fatal: not a git repository (or any parent up to mount point /mnt)
Stopping at filesystem boundary (GIT_DISCOVERY_ACROSS_FILESYSTEM not set).
2023-10-20 19:27:16.911 [info] > git rev-parse --show-toplevel [2ms]
2023-10-20 19:27:16.911 [info] fatal: not a git repository (or any parent up to mount point /mnt)
Stopping at filesystem boundary (GIT_DISCOVERY_ACROSS_FILESYSTEM not set).
2023-10-20 23:00:40.069 [info] > git rev-parse --show-toplevel [2ms]
2023-10-20 23:00:40.070 [info] fatal: not a git repository (or any parent up to mount point /mnt)
Stopping at filesystem boundary (GIT_DISCOVERY_ACROSS_FILESYSTEM not set).
2023-10-20 23:00:41.310 [info] > git rev-parse --show-toplevel [2ms]
2023-10-20 23:00:41.310 [info] fatal: not a git repository (or any parent up to mount point /mnt)
Stopping at filesystem boundary (GIT_DISCOVERY_ACROSS_FILESYSTEM not set).
2023-10-20 23:00:49.547 [info] > git rev-parse --show-toplevel [1ms]
2023-10-20 23:00:49.547 [info] fatal: not a git repository (or any parent up to mount point /mnt)
Stopping at filesystem boundary (GIT_DISCOVERY_ACROSS_FILESYSTEM not set).
2023-10-20 23:00:51.416 [info] > git rev-parse --show-toplevel [1ms]
2023-10-20 23:00:51.416 [info] fatal: not a git repository (or any parent up to mount point /mnt)
Stopping at filesystem boundary (GIT_DISCOVERY_ACROSS_FILESYSTEM not set).
2023-10-20 23:01:01.555 [info] > git rev-parse --show-toplevel [4ms]
2023-10-20 23:01:01.555 [info] fatal: not a git repository (or any parent up to mount point /mnt)
Stopping at filesystem boundary (GIT_DISCOVERY_ACROSS_FILESYSTEM not set).
2023-10-20 23:59:50.346 [info] > git rev-parse --show-toplevel [2ms]
2023-10-20 23:59:50.346 [info] fatal: not a git repository (or any parent up to mount point /mnt)
Stopping at filesystem boundary (GIT_DISCOVERY_ACROSS_FILESYSTEM not set).
2023-10-21 00:02:18.018 [info] > git rev-parse --show-toplevel [3ms]
2023-10-21 00:02:18.018 [info] fatal: not a git repository (or any parent up to mount point /mnt)
Stopping at filesystem boundary (GIT_DISCOVERY_ACROSS_FILESYSTEM not set).
2023-10-21 00:06:02.123 [info] > git rev-parse --show-toplevel [2ms]
2023-10-21 00:06:02.123 [info] fatal: not a git repository (or any parent up to mount point /mnt)
Stopping at filesystem boundary (GIT_DISCOVERY_ACROSS_FILESYSTEM not set).
2023-10-21 07:52:12.837 [info] > git rev-parse --show-toplevel [1ms]
2023-10-21 07:52:12.838 [info] fatal: not a git repository (or any parent up to mount point /mnt)
Stopping at filesystem boundary (GIT_DISCOVERY_ACROSS_FILESYSTEM not set).
2023-10-21 08:06:11.137 [info] > git rev-parse --show-toplevel [1ms]
2023-10-21 08:06:11.137 [info] fatal: not a git repository (or any parent up to mount point /mnt)
Stopping at filesystem boundary (GIT_DISCOVERY_ACROSS_FILESYSTEM not set).
2023-10-21 08:06:48.403 [info] > git rev-parse --show-toplevel [3ms]
2023-10-21 08:06:48.403 [info] fatal: not a git repository (or any parent up to mount point /mnt)
Stopping at filesystem boundary (GIT_DISCOVERY_ACROSS_FILESYSTEM not set).
2023-10-21 08:07:11.094 [info] > git rev-parse --show-toplevel [1ms]
2023-10-21 08:07:11.094 [info] fatal: not a git repository (or any parent up to mount point /mnt)
Stopping at filesystem boundary (GIT_DISCOVERY_ACROSS_FILESYSTEM not set).
2023-10-21 08:07:20.461 [info] > git rev-parse --show-toplevel [4ms]
2023-10-21 08:07:20.461 [info] fatal: not a git repository (or any parent up to mount point /mnt)
Stopping at filesystem boundary (GIT_DISCOVERY_ACROSS_FILESYSTEM not set).
2023-10-21 08:08:25.975 [info] > git rev-parse --show-toplevel [2ms]
2023-10-21 08:08:25.975 [info] fatal: not a git repository (or any parent up to mount point /mnt)
Stopping at filesystem boundary (GIT_DISCOVERY_ACROSS_FILESYSTEM not set).
2023-10-21 08:08:36.128 [info] > git rev-parse --show-toplevel [2ms]
2023-10-21 08:08:36.128 [info] fatal: not a git repository (or any parent up to mount point /mnt)
Stopping at filesystem boundary (GIT_DISCOVERY_ACROSS_FILESYSTEM not set).
2023-10-21 08:09:24.240 [info] > git rev-parse --show-toplevel [1ms]
2023-10-21 08:09:24.240 [info] fatal: not a git repository (or any parent up to mount point /mnt)
Stopping at filesystem boundary (GIT_DISCOVERY_ACROSS_FILESYSTEM not set).
2023-10-21 08:09:31.932 [info] > git rev-parse --show-toplevel [2ms]
2023-10-21 08:09:31.932 [info] fatal: not a git repository (or any parent up to mount point /mnt)
Stopping at filesystem boundary (GIT_DISCOVERY_ACROSS_FILESYSTEM not set).
2023-10-21 08:17:39.691 [info] > git rev-parse --show-toplevel [2ms]
2023-10-21 08:17:39.691 [info] fatal: not a git repository (or any parent up to mount point /mnt)
Stopping at filesystem boundary (GIT_DISCOVERY_ACROSS_FILESYSTEM not set).
2023-10-21 08:18:27.069 [info] > git rev-parse --show-toplevel [2ms]
2023-10-21 08:18:27.069 [info] fatal: not a git repository (or any parent up to mount point /mnt)
Stopping at filesystem boundary (GIT_DISCOVERY_ACROSS_FILESYSTEM not set).
2023-10-21 08:18:30.563 [info] > git rev-parse --show-toplevel [2ms]
2023-10-21 08:18:30.563 [info] fatal: not a git repository (or any parent up to mount point /mnt)
Stopping at filesystem boundary (GIT_DISCOVERY_ACROSS_FILESYSTEM not set).
2023-10-21 08:18:31.476 [info] > git rev-parse --show-toplevel [1ms]
2023-10-21 08:18:31.476 [info] fatal: not a git repository (or any parent up to mount point /mnt)
Stopping at filesystem boundary (GIT_DISCOVERY_ACROSS_FILESYSTEM not set).
2023-10-21 08:20:09.272 [info] > git rev-parse --show-toplevel [2ms]
2023-10-21 08:20:09.272 [info] fatal: not a git repository (or any parent up to mount point /mnt)
Stopping at filesystem boundary (GIT_DISCOVERY_ACROSS_FILESYSTEM not set).
2023-10-21 13:48:10.682 [info] > git rev-parse --show-toplevel [3ms]
2023-10-21 13:48:10.682 [info] fatal: not a git repository (or any parent up to mount point /mnt)
Stopping at filesystem boundary (GIT_DISCOVERY_ACROSS_FILESYSTEM not set).
2023-10-21 13:48:42.395 [info] > git rev-parse --show-toplevel [1ms]
2023-10-21 13:48:42.395 [info] fatal: not a git repository (or any parent up to mount point /mnt)
Stopping at filesystem boundary (GIT_DISCOVERY_ACROSS_FILESYSTEM not set).
2023-10-21 13:50:47.471 [info] > git rev-parse --show-toplevel [2ms]
2023-10-21 13:50:47.471 [info] fatal: not a git repository (or any parent up to mount point /mnt)
Stopping at filesystem boundary (GIT_DISCOVERY_ACROSS_FILESYSTEM not set).
2023-10-21 13:58:30.446 [info] > git rev-parse --show-toplevel [2ms]
2023-10-21 13:58:30.446 [info] fatal: not a git repository (or any parent up to mount point /mnt)
Stopping at filesystem boundary (GIT_DISCOVERY_ACROSS_FILESYSTEM not set).
2023-10-21 14:01:34.605 [info] > git rev-parse --show-toplevel [1ms]
2023-10-21 14:01:34.605 [info] fatal: not a git repository (or any parent up to mount point /mnt)
Stopping at filesystem boundary (GIT_DISCOVERY_ACROSS_FILESYSTEM not set).
2023-10-21 14:03:13.834 [info] > git rev-parse --show-toplevel [8ms]
2023-10-21 14:03:13.834 [info] fatal: not a git repository (or any parent up to mount point /mnt)
Stopping at filesystem boundary (GIT_DISCOVERY_ACROSS_FILESYSTEM not set).
2023-10-21 14:04:03.093 [info] > git rev-parse --show-toplevel [6ms]
2023-10-21 14:04:03.093 [info] fatal: not a git repository (or any parent up to mount point /mnt)
Stopping at filesystem boundary (GIT_DISCOVERY_ACROSS_FILESYSTEM not set).
2023-10-21 14:04:05.023 [info] > git rev-parse --show-toplevel [2ms]
2023-10-21 14:04:05.023 [info] fatal: not a git repository (or any parent up to mount point /mnt)
Stopping at filesystem boundary (GIT_DISCOVERY_ACROSS_FILESYSTEM not set).
2023-10-21 18:01:23.199 [info] > git rev-parse --show-toplevel [323ms]
2023-10-21 18:01:23.232 [info] fatal: not a git repository (or any parent up to mount point /mnt)
Stopping at filesystem boundary (GIT_DISCOVERY_ACROSS_FILESYSTEM not set).
2023-10-21 18:07:36.102 [info] > git rev-parse --show-toplevel [2ms]
2023-10-21 18:07:36.102 [info] fatal: not a git repository (or any parent up to mount point /mnt)
Stopping at filesystem boundary (GIT_DISCOVERY_ACROSS_FILESYSTEM not set).
2023-10-21 18:07:48.997 [info] > git rev-parse --show-toplevel [1ms]
2023-10-21 18:07:48.997 [info] fatal: not a git repository (or any parent up to mount point /mnt)
Stopping at filesystem boundary (GIT_DISCOVERY_ACROSS_FILESYSTEM not set).
2023-10-21 18:07:56.893 [info] > git rev-parse --show-toplevel [3ms]
2023-10-21 18:07:56.893 [info] fatal: not a git repository (or any parent up to mount point /mnt)
Stopping at filesystem boundary (GIT_DISCOVERY_ACROSS_FILESYSTEM not set).
2023-10-21 18:08:03.908 [info] > git rev-parse --show-toplevel [3ms]
2023-10-21 18:08:03.909 [info] fatal: not a git repository (or any parent up to mount point /mnt)
Stopping at filesystem boundary (GIT_DISCOVERY_ACROSS_FILESYSTEM not set).
2023-10-21 18:08:13.710 [info] > git rev-parse --show-toplevel [2ms]
2023-10-21 18:08:13.710 [info] fatal: not a git repository (or any parent up to mount point /mnt)
Stopping at filesystem boundary (GIT_DISCOVERY_ACROSS_FILESYSTEM not set).
2023-10-21 18:08:38.183 [info] > git rev-parse --show-toplevel [2ms]
2023-10-21 18:08:38.183 [info] fatal: not a git repository (or any parent up to mount point /mnt)
Stopping at filesystem boundary (GIT_DISCOVERY_ACROSS_FILESYSTEM not set).
2023-10-21 19:09:12.130 [info] > git rev-parse --show-toplevel [3ms]
2023-10-21 19:09:12.130 [info] fatal: not a git repository (or any parent up to mount point /mnt)
Stopping at filesystem boundary (GIT_DISCOVERY_ACROSS_FILESYSTEM not set).
2023-10-21 19:09:35.117 [info] > git rev-parse --show-toplevel [1ms]
2023-10-21 19:09:35.117 [info] fatal: not a git repository (or any parent up to mount point /mnt)
Stopping at filesystem boundary (GIT_DISCOVERY_ACROSS_FILESYSTEM not set).
2023-10-21 20:39:27.132 [info] > git rev-parse --show-toplevel [2ms]
2023-10-21 20:39:27.132 [info] fatal: not a git repository (or any parent up to mount point /mnt)
Stopping at filesystem boundary (GIT_DISCOVERY_ACROSS_FILESYSTEM not set).
2023-10-21 20:39:27.140 [info] > git rev-parse --show-toplevel [2ms]
2023-10-21 20:39:27.140 [info] fatal: not a git repository (or any parent up to mount point /mnt)
Stopping at filesystem boundary (GIT_DISCOVERY_ACROSS_FILESYSTEM not set).
2023-10-21 20:39:27.897 [info] > git rev-parse --show-toplevel [4ms]
2023-10-21 20:39:27.897 [info] fatal: not a git repository (or any parent up to mount point /mnt)
Stopping at filesystem boundary (GIT_DISCOVERY_ACROSS_FILESYSTEM not set).
2023-10-21 20:39:27.908 [info] > git rev-parse --show-toplevel [1ms]
2023-10-21 20:39:27.908 [info] fatal: not a git repository (or any parent up to mount point /mnt)
Stopping at filesystem boundary (GIT_DISCOVERY_ACROSS_FILESYSTEM not set).
2023-10-21 20:39:27.916 [info] > git rev-parse --show-toplevel [1ms]
2023-10-21 20:39:27.916 [info] fatal: not a git repository (or any parent up to mount point /mnt)
Stopping at filesystem boundary (GIT_DISCOVERY_ACROSS_FILESYSTEM not set).
2023-10-21 20:39:29.355 [info] > git rev-parse --show-toplevel [1ms]
2023-10-21 20:39:29.356 [info] fatal: not a git repository (or any parent up to mount point /mnt)
Stopping at filesystem boundary (GIT_DISCOVERY_ACROSS_FILESYSTEM not set).
2023-10-21 20:39:29.363 [info] > git rev-parse --show-toplevel [1ms]
2023-10-21 20:39:29.363 [info] fatal: not a git repository (or any parent up to mount point /mnt)
Stopping at filesystem boundary (GIT_DISCOVERY_ACROSS_FILESYSTEM not set).
2023-10-21 20:39:30.503 [info] > git rev-parse --show-toplevel [1ms]
2023-10-21 20:39:30.503 [info] fatal: not a git repository (or any parent up to mount point /mnt)
Stopping at filesystem boundary (GIT_DISCOVERY_ACROSS_FILESYSTEM not set).
