2023-10-20 15:54:45.688 [info] Started initializing default profile extensions in extensions installation folder. file:///home/shelf/.vscode/extensions
2023-10-20 15:54:45.869 [warning] Failed to create default profile extensions manifest in extensions installation folder. file:///home/shelf/.vscode/extensions Unable to create file 'vscode-userdata:/home/shelf/.vscode/extensions/extensions.json' that already exists when overwrite flag is not set
2023-10-20 15:54:45.869 [info] Completed initializing default profile extensions in extensions installation folder. file:///home/shelf/.vscode/extensions
2023-10-20 15:57:25.369 [info] Getting Manifest... vscodevim.vim
2023-10-20 15:57:25.378 [info] Installing extension: vscodevim.vim
2023-10-20 15:57:29.401 [info] Extension signature is verified: vscodevim.vim
2023-10-20 15:57:29.460 [info] Extracted extension to file:///home/shelf/.vscode/extensions/vscodevim.vim-1.26.1: vscodevim.vim
2023-10-20 15:57:29.475 [info] Renamed to /home/shelf/.vscode/extensions/vscodevim.vim-1.26.1
2023-10-20 15:57:29.476 [info] Extracting extension completed. vscodevim.vim
2023-10-20 15:57:29.488 [info] Extension installed successfully: vscodevim.vim
2023-10-20 15:57:29.561 [error] [uncaught exception in sharedProcess]: Error: ENOENT: no such file or directory, stat '/home/shelf/.vscode/extensions/extensions.json.vsctmp': EntryNotFound (FileSystemError): Error: ENOENT: no such file or directory, stat '/home/shelf/.vscode/extensions/extensions.json.vsctmp'
    at s.create (/home/shelf/src/vscode/resources/app/out/vs/code/node/sharedProcess/sharedProcessMain.js:51:30209)
    at i (/home/shelf/src/vscode/resources/app/out/vs/code/node/sharedProcess/sharedProcessMain.js:51:30329)
    at t.fb (/home/shelf/src/vscode/resources/app/out/vs/code/node/sharedProcess/sharedProcessMain.js:56:35755)
    at t.stat (/home/shelf/src/vscode/resources/app/out/vs/code/node/sharedProcess/sharedProcessMain.js:56:28201)
    at async w.stat (/home/shelf/src/vscode/resources/app/out/vs/code/node/sharedProcess/sharedProcessMain.js:56:15579)
    at async Q.tb (/home/shelf/src/vscode/resources/app/out/vs/code/node/sharedProcess/sharedProcessMain.js:109:9514)
2023-10-20 15:57:51.661 [info] Getting Manifest... hkmix.solarized-dark-vim
2023-10-20 15:57:51.672 [info] Installing extension: hkmix.solarized-dark-vim
2023-10-20 15:57:53.680 [info] Extension signature is verified: hkmix.solarized-dark-vim
2023-10-20 15:57:53.706 [info] Extracted extension to file:///home/shelf/.vscode/extensions/hkmix.solarized-dark-vim-0.2.9: hkmix.solarized-dark-vim
2023-10-20 15:57:53.721 [info] Renamed to /home/shelf/.vscode/extensions/hkmix.solarized-dark-vim-0.2.9
2023-10-20 15:57:53.725 [info] Extracting extension completed. hkmix.solarized-dark-vim
2023-10-20 15:57:53.740 [info] Extension installed successfully: hkmix.solarized-dark-vim
2023-10-20 15:57:53.808 [error] [uncaught exception in sharedProcess]: Error: ENOENT: no such file or directory, stat '/home/shelf/.vscode/extensions/extensions.json.vsctmp': EntryNotFound (FileSystemError): Error: ENOENT: no such file or directory, stat '/home/shelf/.vscode/extensions/extensions.json.vsctmp'
    at s.create (/home/shelf/src/vscode/resources/app/out/vs/code/node/sharedProcess/sharedProcessMain.js:51:30209)
    at i (/home/shelf/src/vscode/resources/app/out/vs/code/node/sharedProcess/sharedProcessMain.js:51:30329)
    at t.fb (/home/shelf/src/vscode/resources/app/out/vs/code/node/sharedProcess/sharedProcessMain.js:56:35755)
    at t.stat (/home/shelf/src/vscode/resources/app/out/vs/code/node/sharedProcess/sharedProcessMain.js:56:28201)
    at async w.stat (/home/shelf/src/vscode/resources/app/out/vs/code/node/sharedProcess/sharedProcessMain.js:56:15579)
    at async Q.tb (/home/shelf/src/vscode/resources/app/out/vs/code/node/sharedProcess/sharedProcessMain.js:109:9514)
