2023-10-20 15:54:45.231 [info] Added views:workbench.panel.markers.view in workbench.panel.markers
2023-10-20 15:54:45.231 [info] Added views:workbench.panel.output in workbench.panel.output
2023-10-20 15:54:45.231 [info] Added views:terminal in terminal
2023-10-20 15:54:45.231 [info] Added views:outline in workbench.view.explorer
2023-10-20 15:54:45.231 [info] Added views:workbench.scm in workbench.view.scm
2023-10-20 15:54:45.231 [info] Added views:workbench.view.search in workbench.view.search
2023-10-20 15:54:45.231 [info] Added views:timeline in workbench.view.explorer
2023-10-20 15:54:45.231 [info] Added views:workbench.explorer.emptyView in workbench.view.explorer
2023-10-20 15:54:45.669 [info] Added views:workbench.debug.variablesView,workbench.debug.watchExpressionsView,workbench.debug.callStackView,workbench.debug.breakPointsView in workbench.view.debug
2023-10-20 15:54:45.863 [info] Added views:~remote.forwardedPorts in ~remote.forwardedPortsContainer
2023-10-20 15:54:45.942 [info] Added views:workbench.panel.repl.view in workbench.panel.repl
2023-10-20 15:54:45.943 [info] Removed views:workbench.debug.breakPointsView,workbench.debug.callStackView,workbench.debug.watchExpressionsView,workbench.debug.variablesView from workbench.view.debug
2023-10-20 15:54:45.945 [info] Added views:workbench.debug.welcome in workbench.view.debug
2023-10-20 15:55:53.888 [info] Added views:workbench.views.extensions.installed,workbench.views.extensions.popular,extensions.recommendedList in workbench.view.extensions
2023-10-20 15:55:53.896 [info] Removed views:workbench.views.extensions.popular from workbench.view.extensions
2023-10-20 15:55:54.182 [info] Added views:workbench.views.extensions.popular in workbench.view.extensions
2023-10-20 15:55:57.808 [info] Removed views:extensions.recommendedList,workbench.views.extensions.popular,workbench.views.extensions.installed from workbench.view.extensions
2023-10-20 15:55:57.823 [info] Added views:workbench.views.extensions.marketplace in workbench.view.extensions
2023-10-20 15:56:59.356 [info] Added views:workbench.panel.markers.view in workbench.panel.markers
2023-10-20 15:56:59.357 [info] Added views:workbench.panel.output in workbench.panel.output
2023-10-20 15:56:59.357 [info] Added views:terminal in terminal
2023-10-20 15:56:59.357 [info] Added views:outline in workbench.view.explorer
2023-10-20 15:56:59.357 [info] Added views:workbench.scm in workbench.view.scm
2023-10-20 15:56:59.357 [info] Added views:workbench.view.search in workbench.view.search
2023-10-20 15:56:59.357 [info] Added views:timeline in workbench.view.explorer
2023-10-20 15:56:59.357 [info] Added views:workbench.explorer.fileView in workbench.view.explorer
2023-10-20 15:56:59.642 [info] Added views:workbench.debug.variablesView,workbench.debug.watchExpressionsView,workbench.debug.callStackView,workbench.debug.breakPointsView in workbench.view.debug
2023-10-20 15:56:59.766 [info] Added views:workbench.panel.repl.view in workbench.panel.repl
2023-10-20 15:56:59.770 [info] Removed views:workbench.debug.breakPointsView,workbench.debug.callStackView,workbench.debug.watchExpressionsView,workbench.debug.variablesView from workbench.view.debug
2023-10-20 15:56:59.771 [info] Added views:workbench.debug.welcome in workbench.view.debug
2023-10-20 15:56:59.821 [info] Added views:~remote.forwardedPorts in ~remote.forwardedPortsContainer
2023-10-20 15:57:20.194 [info] Added views:workbench.views.extensions.installed,workbench.views.extensions.popular,extensions.recommendedList in workbench.view.extensions
2023-10-20 15:57:20.203 [info] Removed views:workbench.views.extensions.popular from workbench.view.extensions
2023-10-20 15:57:20.428 [info] Added views:workbench.views.extensions.popular in workbench.view.extensions
2023-10-20 15:57:22.341 [info] Removed views:extensions.recommendedList,workbench.views.extensions.popular,workbench.views.extensions.installed from workbench.view.extensions
2023-10-20 15:57:22.360 [info] Added views:workbench.views.extensions.marketplace in workbench.view.extensions
