2023-10-20 17:39:16.932 [error] Invalid neovimPath. Command failed: /usr/bin/vi --version
/usr/bin/vi: invalid option -- '-'
usage: ex [-eFRrSsv] [-c command] [-t tag] [-w size] [file ...]
usage: vi [-eFlRrSv] [-c command] [-t tag] [-w size] [file ...]
.
2023-10-20 17:39:16.932 [info] Configuration changed
2023-10-20 17:39:16.932 [error] Invalid neovimPath. Command failed: /usr/bin/vi --version
/usr/bin/vi: invalid option -- '-'
usage: ex [-eFRrSsv] [-c command] [-t tag] [-w size] [file ...]
usage: vi [-eFlRrSv] [-c command] [-t tag] [-w size] [file ...]
.
2023-10-20 17:39:47.221 [info] Executing :w
2023-10-20 17:39:49.491 [info] Active editor: file:///mnt/hdd/iSchool/web-dev-course/project0/index.html
2023-10-20 17:39:56.291 [info] Active editor: vscode-userdata:/home/shelf/.config/Code/User/settings.json
2023-10-20 17:40:08.519 [info] Executing :w
2023-10-20 17:40:08.831 [info] Configuration changed
2023-10-20 17:40:16.709 [info] Executing :w
2023-10-20 17:40:23.006 [info] Active editor: vscode-userdata:/home/shelf/.config/Code/User/settings.json
2023-10-20 17:41:27.213 [info] Active editor: vscode-userdata:/home/shelf/.config/Code/User/settings.json
2023-10-20 17:41:33.688 [info] Active editor: file:///mnt/hdd/iSchool/web-dev-course/project0/index.html
2023-10-20 17:42:16.200 [info] /settings/user closed
2023-10-20 17:42:16.495 [info] /settings/resourceLanguage closed
2023-10-20 17:42:16.508 [info] /ignoredSettings closed
2023-10-20 17:42:16.611 [info] /launch closed
2023-10-20 17:42:16.613 [info] /token-styling closed
2023-10-20 17:42:16.615 [info] /textmate-colors closed
2023-10-20 17:42:16.625 [info] /workbench-colors closed
2023-10-20 17:45:16.251 [info] /settings/user closed
2023-10-20 17:45:16.550 [info] /settings/resourceLanguage closed
2023-10-20 17:45:16.631 [info] /ignoredSettings closed
2023-10-20 17:45:16.744 [info] /launch closed
2023-10-20 17:45:16.746 [info] /token-styling closed
2023-10-20 17:45:16.747 [info] /textmate-colors closed
2023-10-20 17:45:16.753 [info] /workbench-colors closed
2023-10-20 17:48:16.300 [info] /settings/user closed
2023-10-20 17:48:16.651 [info] /settings/resourceLanguage closed
2023-10-20 17:48:16.732 [info] /ignoredSettings closed
2023-10-20 17:48:16.847 [info] /launch closed
2023-10-20 17:48:16.849 [info] /token-styling closed
2023-10-20 17:48:16.850 [info] /textmate-colors closed
2023-10-20 17:48:16.862 [info] /workbench-colors closed
2023-10-20 17:51:16.373 [info] /settings/user closed
2023-10-20 17:51:16.744 [info] /settings/resourceLanguage closed
2023-10-20 17:51:16.823 [info] /ignoredSettings closed
2023-10-20 17:51:16.942 [info] /launch closed
2023-10-20 17:51:16.942 [info] /token-styling closed
2023-10-20 17:51:16.942 [info] /textmate-colors closed
2023-10-20 17:51:16.945 [info] /workbench-colors closed
2023-10-20 17:54:16.428 [info] /settings/user closed
2023-10-20 17:54:16.835 [info] /settings/resourceLanguage closed
2023-10-20 17:54:16.916 [info] /ignoredSettings closed
2023-10-20 17:54:17.061 [info] /launch closed
2023-10-20 17:54:17.069 [info] /token-styling closed
2023-10-20 17:54:17.069 [info] /textmate-colors closed
2023-10-20 17:54:17.072 [info] /workbench-colors closed
2023-10-20 18:56:34.074 [info] /settings/user closed
2023-10-20 18:56:34.518 [info] /settings/resourceLanguage closed
2023-10-20 18:56:34.604 [info] /ignoredSettings closed
2023-10-20 18:56:34.739 [info] /launch closed
2023-10-20 18:56:34.994 [info] /token-styling closed
2023-10-20 18:56:34.995 [info] /textmate-colors closed
2023-10-20 18:56:34.995 [info] /workbench-colors closed
2023-10-20 18:59:34.123 [info] /settings/user closed
2023-10-20 18:59:34.582 [info] /settings/resourceLanguage closed
2023-10-20 18:59:34.715 [info] /ignoredSettings closed
2023-10-20 18:59:34.921 [info] /launch closed
2023-10-20 18:59:35.161 [info] /token-styling closed
2023-10-20 18:59:35.162 [info] /textmate-colors closed
2023-10-20 18:59:35.169 [info] /workbench-colors closed
2023-10-20 19:02:34.192 [info] /settings/user closed
2023-10-20 19:02:34.650 [info] /settings/resourceLanguage closed
2023-10-20 19:02:34.763 [info] /ignoredSettings closed
2023-10-20 19:02:35.066 [info] /launch closed
2023-10-20 19:02:35.226 [info] /token-styling closed
2023-10-20 19:02:35.226 [info] /textmate-colors closed
2023-10-20 19:02:35.227 [info] /workbench-colors closed
2023-10-20 19:05:34.255 [info] /settings/user closed
2023-10-20 19:05:34.690 [info] /settings/resourceLanguage closed
2023-10-20 19:05:34.799 [info] /ignoredSettings closed
2023-10-20 19:05:35.186 [info] /launch closed
2023-10-20 19:05:35.422 [info] /token-styling closed
2023-10-20 19:05:35.422 [info] /textmate-colors closed
2023-10-20 19:05:35.422 [info] /workbench-colors closed
2023-10-20 19:08:34.305 [info] /settings/user closed
2023-10-20 19:08:34.733 [info] /settings/resourceLanguage closed
2023-10-20 19:08:34.860 [info] /ignoredSettings closed
2023-10-20 19:08:35.335 [info] /launch closed
2023-10-20 19:08:35.530 [info] /token-styling closed
2023-10-20 19:08:35.530 [info] /textmate-colors closed
2023-10-20 19:08:35.534 [info] /workbench-colors closed
2023-10-20 19:11:34.375 [info] /settings/user closed
2023-10-20 19:11:34.779 [info] /settings/resourceLanguage closed
2023-10-20 19:11:34.934 [info] /ignoredSettings closed
2023-10-20 19:11:35.455 [info] /launch closed
2023-10-20 19:11:35.653 [info] /token-styling closed
2023-10-20 19:11:35.653 [info] /textmate-colors closed
2023-10-20 19:11:35.654 [info] /workbench-colors closed
2023-10-20 19:14:34.421 [info] /settings/user closed
2023-10-20 19:14:34.849 [info] /settings/resourceLanguage closed
2023-10-20 19:14:34.971 [info] /ignoredSettings closed
2023-10-20 19:14:35.599 [info] /launch closed
2023-10-20 19:14:35.756 [info] /token-styling closed
2023-10-20 19:14:35.757 [info] /textmate-colors closed
2023-10-20 19:14:35.760 [info] /workbench-colors closed
2023-10-20 19:17:34.492 [info] /settings/user closed
2023-10-20 19:17:34.925 [info] /settings/resourceLanguage closed
2023-10-20 19:17:35.006 [info] /ignoredSettings closed
2023-10-20 19:17:35.723 [info] /launch closed
2023-10-20 19:17:35.872 [info] /token-styling closed
2023-10-20 19:17:35.873 [info] /textmate-colors closed
2023-10-20 19:17:35.873 [info] /workbench-colors closed
2023-10-20 19:20:34.564 [info] /settings/user closed
2023-10-20 19:20:35.014 [info] /settings/resourceLanguage closed
2023-10-20 19:20:35.096 [info] /ignoredSettings closed
2023-10-20 19:20:35.837 [info] /launch closed
2023-10-20 19:20:36.171 [info] /token-styling closed
2023-10-20 19:20:36.173 [info] /textmate-colors closed
2023-10-20 19:20:36.174 [info] /workbench-colors closed
2023-10-20 19:23:34.679 [info] /settings/user closed
2023-10-20 19:23:35.180 [info] /settings/resourceLanguage closed
2023-10-20 19:23:35.452 [info] /ignoredSettings closed
2023-10-20 19:23:36.060 [info] /launch closed
2023-10-20 19:23:36.500 [info] /token-styling closed
2023-10-20 19:23:36.502 [info] /textmate-colors closed
2023-10-20 19:23:36.537 [info] /workbench-colors closed
2023-10-20 19:26:34.746 [info] /settings/user closed
2023-10-20 19:26:35.251 [info] /settings/resourceLanguage closed
2023-10-20 19:26:35.528 [info] /ignoredSettings closed
2023-10-20 19:26:36.170 [info] /launch closed
2023-10-20 19:26:36.583 [info] /token-styling closed
2023-10-20 19:26:36.583 [info] /textmate-colors closed
2023-10-20 19:26:36.660 [info] /workbench-colors closed
2023-10-20 19:27:07.530 [info] Configuration changed
2023-10-20 19:27:16.897 [info] Active editor: file:///mnt/hdd/iSchool/web-dev-course/project0/index.html
2023-10-20 19:27:32.077 [info] Executing :w
2023-10-20 19:27:44.465 [info] Executing :w
2023-10-20 19:29:34.824 [info] /settings/user closed
2023-10-20 19:29:35.334 [info] /settings/resourceLanguage closed
2023-10-20 19:29:35.621 [info] /ignoredSettings closed
2023-10-20 19:29:36.301 [info] /launch closed
2023-10-20 19:29:36.633 [info] /token-styling closed
2023-10-20 19:29:36.634 [info] /textmate-colors closed
2023-10-20 19:29:36.707 [info] /workbench-colors closed
2023-10-20 19:32:34.918 [info] /settings/user closed
2023-10-20 19:32:35.424 [info] /settings/resourceLanguage closed
2023-10-20 19:32:35.697 [info] /ignoredSettings closed
2023-10-20 19:32:36.398 [info] /launch closed
2023-10-20 19:32:36.665 [info] /token-styling closed
2023-10-20 19:32:36.665 [info] /textmate-colors closed
2023-10-20 19:32:36.741 [info] /workbench-colors closed
2023-10-20 19:35:35.020 [info] /settings/user closed
2023-10-20 19:35:35.477 [info] /settings/resourceLanguage closed
2023-10-20 19:35:35.756 [info] /ignoredSettings closed
2023-10-20 19:35:36.535 [info] /launch closed
2023-10-20 19:35:36.707 [info] /token-styling closed
2023-10-20 19:35:36.708 [info] /textmate-colors closed
2023-10-20 19:35:36.784 [info] /workbench-colors closed
2023-10-20 19:38:35.084 [info] /settings/user closed
2023-10-20 19:38:35.569 [info] /settings/resourceLanguage closed
2023-10-20 19:38:35.852 [info] /ignoredSettings closed
2023-10-20 19:38:36.637 [info] /launch closed
2023-10-20 19:38:36.781 [info] /token-styling closed
2023-10-20 19:38:36.781 [info] /textmate-colors closed
2023-10-20 19:38:36.864 [info] /workbench-colors closed
2023-10-20 19:41:35.157 [info] /settings/user closed
2023-10-20 19:41:35.658 [info] /settings/resourceLanguage closed
2023-10-20 19:41:35.941 [info] /ignoredSettings closed
2023-10-20 19:41:36.729 [info] /launch closed
2023-10-20 19:41:36.865 [info] /token-styling closed
2023-10-20 19:41:36.866 [info] /textmate-colors closed
2023-10-20 19:41:36.942 [info] /workbench-colors closed
2023-10-20 19:44:35.205 [info] /settings/user closed
2023-10-20 19:44:35.726 [info] /settings/resourceLanguage closed
2023-10-20 19:44:36.032 [info] /ignoredSettings closed
2023-10-20 19:44:36.832 [info] /launch closed
2023-10-20 19:44:36.975 [info] /token-styling closed
2023-10-20 19:44:36.975 [info] /textmate-colors closed
2023-10-20 19:44:37.024 [info] /workbench-colors closed
2023-10-20 19:47:35.266 [info] /settings/user closed
2023-10-20 19:47:35.808 [info] /settings/resourceLanguage closed
2023-10-20 19:47:36.119 [info] /ignoredSettings closed
2023-10-20 19:47:36.937 [info] /launch closed
2023-10-20 19:47:37.106 [info] /token-styling closed
2023-10-20 19:47:37.106 [info] /textmate-colors closed
2023-10-20 19:47:37.107 [info] /workbench-colors closed
2023-10-20 20:51:12.161 [info] /settings/user closed
2023-10-20 20:51:12.730 [info] /settings/resourceLanguage closed
2023-10-20 20:51:13.041 [info] /ignoredSettings closed
2023-10-20 20:51:13.896 [info] /launch closed
2023-10-20 20:51:14.067 [info] /token-styling closed
2023-10-20 20:51:14.067 [info] /textmate-colors closed
2023-10-20 20:51:14.068 [info] /workbench-colors closed
2023-10-20 20:54:12.242 [info] /settings/user closed
2023-10-20 20:54:12.817 [info] /settings/resourceLanguage closed
2023-10-20 20:54:13.111 [info] /ignoredSettings closed
2023-10-20 20:54:14.016 [info] /launch closed
2023-10-20 20:54:14.191 [info] /token-styling closed
2023-10-20 20:54:14.192 [info] /textmate-colors closed
2023-10-20 20:54:14.193 [info] /workbench-colors closed
2023-10-20 20:57:12.296 [info] /settings/user closed
2023-10-20 20:57:12.863 [info] /settings/resourceLanguage closed
2023-10-20 20:57:13.167 [info] /ignoredSettings closed
2023-10-20 20:57:14.146 [info] /launch closed
2023-10-20 20:57:14.300 [info] /token-styling closed
2023-10-20 20:57:14.300 [info] /textmate-colors closed
2023-10-20 20:57:14.300 [info] /workbench-colors closed
2023-10-20 21:00:12.380 [info] /settings/user closed
2023-10-20 21:00:12.920 [info] /settings/resourceLanguage closed
2023-10-20 21:00:13.237 [info] /ignoredSettings closed
2023-10-20 21:00:14.247 [info] /launch closed
2023-10-20 21:00:14.413 [info] /token-styling closed
2023-10-20 21:00:14.413 [info] /textmate-colors closed
2023-10-20 21:00:14.414 [info] /workbench-colors closed
2023-10-20 21:03:12.424 [info] /settings/user closed
2023-10-20 21:03:12.971 [info] /settings/resourceLanguage closed
2023-10-20 21:03:13.313 [info] /ignoredSettings closed
2023-10-20 21:03:14.367 [info] /launch closed
2023-10-20 21:03:14.555 [info] /token-styling closed
2023-10-20 21:03:14.556 [info] /textmate-colors closed
2023-10-20 21:03:14.556 [info] /workbench-colors closed
2023-10-20 21:06:12.470 [info] /settings/user closed
2023-10-20 21:06:13.030 [info] /settings/resourceLanguage closed
2023-10-20 21:06:13.403 [info] /ignoredSettings closed
2023-10-20 21:06:14.517 [info] /launch closed
2023-10-20 21:06:14.668 [info] /token-styling closed
2023-10-20 21:06:14.668 [info] /textmate-colors closed
2023-10-20 21:06:14.668 [info] /workbench-colors closed
2023-10-20 21:09:12.541 [info] /settings/user closed
2023-10-20 21:09:13.079 [info] /settings/resourceLanguage closed
2023-10-20 21:09:13.489 [info] /ignoredSettings closed
2023-10-20 21:09:14.626 [info] /launch closed
2023-10-20 21:09:14.774 [info] /token-styling closed
2023-10-20 21:09:14.774 [info] /textmate-colors closed
2023-10-20 21:09:14.774 [info] /workbench-colors closed
2023-10-20 21:12:12.588 [info] /settings/user closed
2023-10-20 21:12:13.134 [info] /settings/resourceLanguage closed
2023-10-20 21:12:13.576 [info] /ignoredSettings closed
2023-10-20 21:12:14.735 [info] /launch closed
2023-10-20 21:12:14.894 [info] /token-styling closed
2023-10-20 21:12:14.894 [info] /textmate-colors closed
2023-10-20 21:12:14.894 [info] /workbench-colors closed
2023-10-20 21:15:12.651 [info] /settings/user closed
2023-10-20 21:15:13.193 [info] /settings/resourceLanguage closed
2023-10-20 21:15:13.633 [info] /ignoredSettings closed
2023-10-20 21:15:14.851 [info] /launch closed
2023-10-20 21:15:15.010 [info] /token-styling closed
2023-10-20 21:15:15.010 [info] /textmate-colors closed
2023-10-20 21:15:15.010 [info] /workbench-colors closed
2023-10-20 21:18:12.694 [info] /settings/user closed
2023-10-20 21:18:13.250 [info] /settings/resourceLanguage closed
2023-10-20 21:18:13.723 [info] /ignoredSettings closed
2023-10-20 21:18:14.968 [info] /launch closed
2023-10-20 21:18:15.111 [info] /token-styling closed
2023-10-20 21:18:15.112 [info] /textmate-colors closed
2023-10-20 21:18:15.112 [info] /workbench-colors closed
2023-10-20 21:21:12.779 [info] /settings/user closed
2023-10-20 21:21:13.321 [info] /settings/resourceLanguage closed
2023-10-20 21:21:13.797 [info] /ignoredSettings closed
2023-10-20 21:21:15.068 [info] /launch closed
2023-10-20 21:21:15.231 [info] /token-styling closed
2023-10-20 21:21:15.232 [info] /textmate-colors closed
2023-10-20 21:21:15.232 [info] /workbench-colors closed
2023-10-20 21:24:12.848 [info] /settings/user closed
2023-10-20 21:24:13.372 [info] /settings/resourceLanguage closed
2023-10-20 21:24:13.890 [info] /ignoredSettings closed
2023-10-20 21:24:15.193 [info] /launch closed
2023-10-20 21:24:15.371 [info] /token-styling closed
2023-10-20 21:24:15.371 [info] /textmate-colors closed
2023-10-20 21:24:15.371 [info] /workbench-colors closed
2023-10-20 21:27:12.916 [info] /settings/user closed
2023-10-20 21:27:13.432 [info] /settings/resourceLanguage closed
2023-10-20 21:27:13.967 [info] /ignoredSettings closed
2023-10-20 21:27:15.333 [info] /launch closed
2023-10-20 21:27:15.466 [info] /token-styling closed
2023-10-20 21:27:15.466 [info] /textmate-colors closed
2023-10-20 21:27:15.467 [info] /workbench-colors closed
2023-10-20 21:30:12.994 [info] /settings/user closed
2023-10-20 21:30:13.510 [info] /settings/resourceLanguage closed
2023-10-20 21:30:14.046 [info] /ignoredSettings closed
2023-10-20 21:30:15.428 [info] /launch closed
2023-10-20 21:30:15.611 [info] /token-styling closed
2023-10-20 21:30:15.611 [info] /textmate-colors closed
2023-10-20 21:30:15.611 [info] /workbench-colors closed
2023-10-20 21:33:13.042 [info] /settings/user closed
2023-10-20 21:33:13.573 [info] /settings/resourceLanguage closed
2023-10-20 21:33:14.098 [info] /ignoredSettings closed
2023-10-20 21:33:15.560 [info] /launch closed
2023-10-20 21:33:15.721 [info] /token-styling closed
2023-10-20 21:33:15.721 [info] /textmate-colors closed
2023-10-20 21:33:15.721 [info] /workbench-colors closed
2023-10-20 21:36:13.092 [info] /settings/user closed
2023-10-20 21:36:13.644 [info] /settings/resourceLanguage closed
2023-10-20 21:36:14.149 [info] /ignoredSettings closed
2023-10-20 21:36:15.687 [info] /launch closed
2023-10-20 21:36:15.866 [info] /token-styling closed
2023-10-20 21:36:15.866 [info] /textmate-colors closed
2023-10-20 21:36:15.866 [info] /workbench-colors closed
2023-10-20 21:39:13.158 [info] /settings/user closed
2023-10-20 21:39:13.732 [info] /settings/resourceLanguage closed
2023-10-20 21:39:14.200 [info] /ignoredSettings closed
2023-10-20 21:39:15.822 [info] /launch closed
2023-10-20 21:39:15.993 [info] /token-styling closed
2023-10-20 21:39:15.994 [info] /textmate-colors closed
2023-10-20 21:39:15.994 [info] /workbench-colors closed
2023-10-20 21:42:13.199 [info] /settings/user closed
2023-10-20 21:42:13.802 [info] /settings/resourceLanguage closed
2023-10-20 21:42:14.272 [info] /ignoredSettings closed
2023-10-20 21:42:15.955 [info] /launch closed
2023-10-20 21:42:16.119 [info] /token-styling closed
2023-10-20 21:42:16.119 [info] /textmate-colors closed
2023-10-20 21:42:16.119 [info] /workbench-colors closed
2023-10-20 21:45:13.268 [info] /settings/user closed
2023-10-20 21:45:13.877 [info] /settings/resourceLanguage closed
2023-10-20 21:45:14.349 [info] /ignoredSettings closed
2023-10-20 21:45:16.088 [info] /launch closed
2023-10-20 21:45:16.265 [info] /token-styling closed
2023-10-20 21:45:16.265 [info] /textmate-colors closed
2023-10-20 21:45:16.265 [info] /workbench-colors closed
2023-10-20 21:48:13.345 [info] /settings/user closed
2023-10-20 21:48:13.969 [info] /settings/resourceLanguage closed
2023-10-20 21:48:14.409 [info] /ignoredSettings closed
2023-10-20 21:48:16.214 [info] /launch closed
2023-10-20 21:48:16.357 [info] /token-styling closed
2023-10-20 21:48:16.357 [info] /textmate-colors closed
2023-10-20 21:48:16.361 [info] /workbench-colors closed
2023-10-20 21:51:13.411 [info] /settings/user closed
2023-10-20 21:51:14.027 [info] /settings/resourceLanguage closed
2023-10-20 21:51:14.488 [info] /ignoredSettings closed
2023-10-20 21:51:16.301 [info] /launch closed
2023-10-20 21:51:16.492 [info] /token-styling closed
2023-10-20 21:51:16.492 [info] /textmate-colors closed
2023-10-20 21:51:16.492 [info] /workbench-colors closed
2023-10-20 21:54:13.496 [info] /settings/user closed
2023-10-20 21:54:14.104 [info] /settings/resourceLanguage closed
2023-10-20 21:54:14.560 [info] /ignoredSettings closed
2023-10-20 21:54:16.440 [info] /launch closed
2023-10-20 21:54:16.582 [info] /token-styling closed
2023-10-20 21:54:16.583 [info] /textmate-colors closed
2023-10-20 21:54:16.586 [info] /workbench-colors closed
2023-10-20 21:57:13.565 [info] /settings/user closed
2023-10-20 21:57:14.154 [info] /settings/resourceLanguage closed
2023-10-20 21:57:14.644 [info] /ignoredSettings closed
2023-10-20 21:57:16.531 [info] /launch closed
2023-10-20 21:57:16.697 [info] /token-styling closed
2023-10-20 21:57:16.697 [info] /textmate-colors closed
2023-10-20 21:57:16.697 [info] /workbench-colors closed
2023-10-20 22:00:13.647 [info] /settings/user closed
2023-10-20 22:00:14.205 [info] /settings/resourceLanguage closed
2023-10-20 22:00:14.711 [info] /ignoredSettings closed
2023-10-20 22:00:16.646 [info] /launch closed
2023-10-20 22:00:16.814 [info] /token-styling closed
2023-10-20 22:00:16.815 [info] /textmate-colors closed
2023-10-20 22:00:16.818 [info] /workbench-colors closed
2023-10-20 22:03:13.691 [info] /settings/user closed
2023-10-20 22:03:14.295 [info] /settings/resourceLanguage closed
2023-10-20 22:03:14.782 [info] /ignoredSettings closed
2023-10-20 22:03:16.745 [info] /launch closed
2023-10-20 22:03:16.916 [info] /token-styling closed
2023-10-20 22:03:16.917 [info] /textmate-colors closed
2023-10-20 22:03:16.920 [info] /workbench-colors closed
2023-10-20 22:06:13.732 [info] /settings/user closed
2023-10-20 22:06:14.362 [info] /settings/resourceLanguage closed
2023-10-20 22:06:14.863 [info] /ignoredSettings closed
2023-10-20 22:06:16.837 [info] /launch closed
2023-10-20 22:06:17.077 [info] /token-styling closed
2023-10-20 22:06:17.077 [info] /textmate-colors closed
2023-10-20 22:06:17.077 [info] /workbench-colors closed
2023-10-20 22:09:13.795 [info] /settings/user closed
2023-10-20 22:09:14.443 [info] /settings/resourceLanguage closed
2023-10-20 22:09:14.960 [info] /ignoredSettings closed
2023-10-20 22:09:17.005 [info] /launch closed
2023-10-20 22:09:17.267 [info] /token-styling closed
2023-10-20 22:09:17.268 [info] /textmate-colors closed
2023-10-20 22:09:17.268 [info] /workbench-colors closed
2023-10-20 22:12:13.858 [info] /settings/user closed
2023-10-20 22:12:14.524 [info] /settings/resourceLanguage closed
2023-10-20 22:12:15.065 [info] /ignoredSettings closed
2023-10-20 22:12:17.196 [info] /launch closed
2023-10-20 22:12:17.449 [info] /token-styling closed
2023-10-20 22:12:17.450 [info] /textmate-colors closed
2023-10-20 22:12:17.450 [info] /workbench-colors closed
2023-10-20 22:15:13.931 [info] /settings/user closed
2023-10-20 22:15:14.593 [info] /settings/resourceLanguage closed
2023-10-20 22:15:15.159 [info] /ignoredSettings closed
2023-10-20 22:15:17.343 [info] /launch closed
2023-10-20 22:15:17.596 [info] /token-styling closed
2023-10-20 22:15:17.597 [info] /textmate-colors closed
2023-10-20 22:15:17.607 [info] /workbench-colors closed
2023-10-20 22:18:13.996 [info] /settings/user closed
2023-10-20 22:18:14.683 [info] /settings/resourceLanguage closed
2023-10-20 22:18:15.259 [info] /ignoredSettings closed
2023-10-20 22:18:17.482 [info] /launch closed
2023-10-20 22:18:17.755 [info] /token-styling closed
2023-10-20 22:18:17.756 [info] /textmate-colors closed
2023-10-20 22:18:17.762 [info] /workbench-colors closed
2023-10-20 22:21:14.069 [info] /settings/user closed
2023-10-20 22:21:14.752 [info] /settings/resourceLanguage closed
2023-10-20 22:21:15.327 [info] /ignoredSettings closed
2023-10-20 22:21:17.654 [info] /launch closed
2023-10-20 22:21:17.937 [info] /token-styling closed
2023-10-20 22:21:17.938 [info] /textmate-colors closed
2023-10-20 22:21:17.938 [info] /workbench-colors closed
2023-10-20 22:24:14.125 [info] /settings/user closed
2023-10-20 22:24:14.843 [info] /settings/resourceLanguage closed
2023-10-20 22:24:15.416 [info] /ignoredSettings closed
2023-10-20 22:24:17.825 [info] /launch closed
2023-10-20 22:24:18.130 [info] /token-styling closed
2023-10-20 22:24:18.130 [info] /textmate-colors closed
2023-10-20 22:24:18.137 [info] /workbench-colors closed
2023-10-20 22:27:14.201 [info] /settings/user closed
2023-10-20 22:27:14.932 [info] /settings/resourceLanguage closed
2023-10-20 22:27:15.481 [info] /ignoredSettings closed
2023-10-20 22:27:17.983 [info] /launch closed
2023-10-20 22:27:18.277 [info] /token-styling closed
2023-10-20 22:27:18.278 [info] /textmate-colors closed
2023-10-20 22:27:18.279 [info] /workbench-colors closed
2023-10-20 22:30:14.269 [info] /settings/user closed
2023-10-20 22:30:14.998 [info] /settings/resourceLanguage closed
2023-10-20 22:30:15.555 [info] /ignoredSettings closed
2023-10-20 22:30:18.126 [info] /launch closed
2023-10-20 22:30:18.431 [info] /token-styling closed
2023-10-20 22:30:18.432 [info] /textmate-colors closed
2023-10-20 22:30:18.451 [info] /workbench-colors closed
2023-10-20 22:33:14.305 [info] /settings/user closed
2023-10-20 22:33:15.078 [info] /settings/resourceLanguage closed
2023-10-20 22:33:15.640 [info] /ignoredSettings closed
2023-10-20 22:33:18.264 [info] /launch closed
2023-10-20 22:33:18.489 [info] /token-styling closed
2023-10-20 22:33:18.489 [info] /textmate-colors closed
2023-10-20 22:33:18.543 [info] /workbench-colors closed
2023-10-20 22:34:52.823 [info] Executing :w
2023-10-20 22:34:59.951 [info] Executing :w
2023-10-20 22:35:03.925 [info] Executing :w
2023-10-20 22:35:15.095 [info] Executing :w
2023-10-20 22:36:14.379 [info] /settings/user closed
2023-10-20 22:36:15.147 [info] /settings/resourceLanguage closed
2023-10-20 22:36:15.724 [info] /ignoredSettings closed
2023-10-20 22:36:18.399 [info] /launch closed
2023-10-20 22:36:18.592 [info] /token-styling closed
2023-10-20 22:36:18.592 [info] /textmate-colors closed
2023-10-20 22:36:18.596 [info] /workbench-colors closed
2023-10-20 22:39:14.434 [info] /settings/user closed
2023-10-20 22:39:15.240 [info] /settings/resourceLanguage closed
2023-10-20 22:39:15.784 [info] /ignoredSettings closed
2023-10-20 22:39:18.505 [info] /launch closed
2023-10-20 22:39:18.656 [info] /token-styling closed
2023-10-20 22:39:18.656 [info] /textmate-colors closed
2023-10-20 22:39:18.660 [info] /workbench-colors closed
2023-10-20 22:42:14.474 [info] /settings/user closed
2023-10-20 22:42:15.316 [info] /settings/resourceLanguage closed
2023-10-20 22:42:15.866 [info] /ignoredSettings closed
2023-10-20 22:42:18.584 [info] /launch closed
2023-10-20 22:42:18.781 [info] /token-styling closed
2023-10-20 22:42:18.781 [info] /textmate-colors closed
2023-10-20 22:42:18.782 [info] /workbench-colors closed
2023-10-20 22:45:14.520 [info] /settings/user closed
2023-10-20 22:45:15.373 [info] /settings/resourceLanguage closed
2023-10-20 22:45:15.927 [info] /ignoredSettings closed
2023-10-20 22:45:18.716 [info] /launch closed
2023-10-20 22:45:18.959 [info] /token-styling closed
2023-10-20 22:45:18.960 [info] /textmate-colors closed
2023-10-20 22:45:18.966 [info] /workbench-colors closed
2023-10-20 22:48:14.561 [info] /settings/user closed
2023-10-20 22:48:15.447 [info] /settings/resourceLanguage closed
2023-10-20 22:48:16.032 [info] /ignoredSettings closed
2023-10-20 22:48:18.860 [info] /launch closed
2023-10-20 22:48:19.036 [info] /token-styling closed
2023-10-20 22:48:19.037 [info] /textmate-colors closed
2023-10-20 22:48:19.037 [info] /workbench-colors closed
2023-10-20 22:51:14.629 [info] /settings/user closed
2023-10-20 22:51:15.500 [info] /settings/resourceLanguage closed
2023-10-20 22:51:16.107 [info] /ignoredSettings closed
2023-10-20 22:51:18.975 [info] /launch closed
2023-10-20 22:51:19.140 [info] /token-styling closed
2023-10-20 22:51:19.141 [info] /textmate-colors closed
2023-10-20 22:51:19.144 [info] /workbench-colors closed
2023-10-20 22:54:14.698 [info] /settings/user closed
2023-10-20 22:54:15.584 [info] /settings/resourceLanguage closed
2023-10-20 22:54:16.183 [info] /ignoredSettings closed
2023-10-20 22:54:19.082 [info] /launch closed
2023-10-20 22:54:19.273 [info] /token-styling closed
2023-10-20 22:54:19.273 [info] /textmate-colors closed
2023-10-20 22:54:19.274 [info] /workbench-colors closed
2023-10-20 22:57:14.750 [info] /settings/user closed
2023-10-20 22:57:15.660 [info] /settings/resourceLanguage closed
2023-10-20 22:57:16.236 [info] /ignoredSettings closed
2023-10-20 22:57:19.225 [info] /launch closed
2023-10-20 22:57:19.378 [info] /token-styling closed
2023-10-20 22:57:19.378 [info] /textmate-colors closed
2023-10-20 22:57:19.378 [info] /workbench-colors closed
2023-10-20 23:00:14.822 [info] /settings/user closed
2023-10-20 23:00:15.742 [info] /settings/resourceLanguage closed
2023-10-20 23:00:16.280 [info] /ignoredSettings closed
2023-10-20 23:00:19.340 [info] /launch closed
2023-10-20 23:00:19.479 [info] /token-styling closed
2023-10-20 23:00:19.479 [info] /textmate-colors closed
2023-10-20 23:00:19.479 [info] /workbench-colors closed
2023-10-20 23:00:40.059 [info] Active editor: file:///mnt/hdd/iSchool/web-dev-course/project0/style.css
2023-10-20 23:00:41.301 [info] Active editor: file:///mnt/hdd/iSchool/web-dev-course/project0/index.html
2023-10-20 23:00:49.539 [info] Active editor: file:///mnt/hdd/iSchool/web-dev-course/project0/style.css
2023-10-20 23:00:51.408 [info] Active editor: file:///mnt/hdd/iSchool/web-dev-course/project0/index.html
2023-10-20 23:00:58.110 [info] Executing :w
2023-10-20 23:00:59.918 [info] Executing :w
2023-10-20 23:01:01.540 [info] Active editor: file:///mnt/hdd/iSchool/web-dev-course/project0/style.css
2023-10-20 23:01:18.854 [info] Executing :w
2023-10-20 23:01:25.331 [info] Executing :w
2023-10-20 23:01:35.347 [info] Executing :w
2023-10-20 23:01:38.650 [info] Executing :w
2023-10-20 23:01:46.952 [info] Executing :w
2023-10-20 23:01:55.306 [info] Executing :w
2023-10-20 23:02:08.309 [info] Executing :w
2023-10-20 23:02:16.894 [info] Executing :w
2023-10-20 23:02:41.641 [info] Executing :w
2023-10-20 23:03:14.894 [info] /settings/user closed
2023-10-20 23:03:15.810 [info] /settings/resourceLanguage closed
2023-10-20 23:03:16.364 [info] /ignoredSettings closed
2023-10-20 23:03:19.432 [info] /launch closed
2023-10-20 23:03:19.601 [info] /token-styling closed
2023-10-20 23:03:19.601 [info] /textmate-colors closed
2023-10-20 23:03:19.602 [info] /workbench-colors closed
2023-10-20 23:03:56.318 [info] Executing :w
2023-10-20 23:04:35.367 [info] Executing :w
2023-10-20 23:04:47.716 [info] Executing :w
2023-10-20 23:05:02.882 [info] Executing :w
2023-10-20 23:05:20.872 [info] Executing :w
2023-10-20 23:05:29.939 [info] Executing :w
2023-10-20 23:05:59.291 [info] Executing :w
2023-10-20 23:06:00.431 [info] Executing :w
2023-10-20 23:06:14.938 [info] /settings/user closed
2023-10-20 23:06:15.870 [info] /settings/resourceLanguage closed
2023-10-20 23:06:16.437 [info] /ignoredSettings closed
2023-10-20 23:06:19.557 [info] /launch closed
2023-10-20 23:06:19.729 [info] /token-styling closed
2023-10-20 23:06:19.729 [info] /textmate-colors closed
2023-10-20 23:06:19.729 [info] /workbench-colors closed
2023-10-20 23:07:36.568 [info] Executing :w
2023-10-20 23:07:49.636 [info] Executing :w
2023-10-20 23:07:56.004 [info] Executing :w
2023-10-20 23:08:03.128 [info] Executing :w
2023-10-20 23:08:09.175 [info] Executing :w
2023-10-20 23:08:13.979 [info] Executing :w
2023-10-20 23:08:17.608 [info] Executing :w
2023-10-20 23:09:14.983 [info] /settings/user closed
2023-10-20 23:09:15.941 [info] /settings/resourceLanguage closed
2023-10-20 23:09:16.487 [info] /ignoredSettings closed
2023-10-20 23:09:19.677 [info] /launch closed
2023-10-20 23:09:19.844 [info] /token-styling closed
2023-10-20 23:09:19.844 [info] /textmate-colors closed
2023-10-20 23:09:19.847 [info] /workbench-colors closed
2023-10-20 23:12:15.046 [info] /settings/user closed
2023-10-20 23:12:16.007 [info] /settings/resourceLanguage closed
2023-10-20 23:12:16.547 [info] /ignoredSettings closed
2023-10-20 23:12:19.792 [info] /launch closed
2023-10-20 23:12:19.938 [info] /token-styling closed
2023-10-20 23:12:19.939 [info] /textmate-colors closed
2023-10-20 23:12:19.940 [info] /workbench-colors closed
2023-10-20 23:15:15.114 [info] /settings/user closed
2023-10-20 23:15:16.096 [info] /settings/resourceLanguage closed
2023-10-20 23:15:16.638 [info] /ignoredSettings closed
2023-10-20 23:15:19.893 [info] /launch closed
2023-10-20 23:15:20.033 [info] /token-styling closed
2023-10-20 23:15:20.033 [info] /textmate-colors closed
2023-10-20 23:15:20.037 [info] /workbench-colors closed
2023-10-20 23:18:15.184 [info] /settings/user closed
2023-10-20 23:18:16.164 [info] /settings/resourceLanguage closed
2023-10-20 23:18:16.721 [info] /ignoredSettings closed
2023-10-20 23:18:19.985 [info] /launch closed
2023-10-20 23:18:20.160 [info] /token-styling closed
2023-10-20 23:18:20.161 [info] /textmate-colors closed
2023-10-20 23:18:20.161 [info] /workbench-colors closed
2023-10-20 23:21:15.228 [info] /settings/user closed
2023-10-20 23:21:16.235 [info] /settings/resourceLanguage closed
2023-10-20 23:21:16.809 [info] /ignoredSettings closed
2023-10-20 23:21:20.120 [info] /launch closed
2023-10-20 23:21:20.325 [info] /token-styling closed
2023-10-20 23:21:20.325 [info] /textmate-colors closed
2023-10-20 23:21:20.325 [info] /workbench-colors closed
2023-10-20 23:24:15.285 [info] /settings/user closed
2023-10-20 23:24:16.290 [info] /settings/resourceLanguage closed
2023-10-20 23:24:16.863 [info] /ignoredSettings closed
2023-10-20 23:24:20.259 [info] /launch closed
2023-10-20 23:24:20.460 [info] /token-styling closed
2023-10-20 23:24:20.461 [info] /textmate-colors closed
2023-10-20 23:24:20.465 [info] /workbench-colors closed
2023-10-20 23:27:15.333 [info] /settings/user closed
2023-10-20 23:27:16.376 [info] /settings/resourceLanguage closed
2023-10-20 23:27:16.937 [info] /ignoredSettings closed
2023-10-20 23:27:20.410 [info] /launch closed
2023-10-20 23:27:20.625 [info] /token-styling closed
2023-10-20 23:27:20.626 [info] /textmate-colors closed
2023-10-20 23:27:20.637 [info] /workbench-colors closed
2023-10-20 23:27:51.849 [info] Executing :w
2023-10-20 23:27:59.204 [info] Executing :w
2023-10-20 23:28:13.318 [info] Executing :w
2023-10-20 23:28:29.184 [info] Executing :w
2023-10-20 23:28:39.629 [info] Executing :w
2023-10-20 23:28:50.649 [info] Executing :w
2023-10-20 23:29:08.377 [info] Executing :w
2023-10-20 23:29:31.605 [info] Executing :w
2023-10-20 23:30:15.401 [info] /settings/user closed
2023-10-20 23:30:16.457 [info] /settings/resourceLanguage closed
2023-10-20 23:30:17.016 [info] /ignoredSettings closed
2023-10-20 23:30:20.552 [info] /launch closed
2023-10-20 23:30:20.733 [info] /token-styling closed
2023-10-20 23:30:20.733 [info] /textmate-colors closed
2023-10-20 23:30:20.733 [info] /workbench-colors closed
2023-10-20 23:33:15.449 [info] /settings/user closed
2023-10-20 23:33:16.523 [info] /settings/resourceLanguage closed
2023-10-20 23:33:17.085 [info] /ignoredSettings closed
2023-10-20 23:33:20.679 [info] /launch closed
2023-10-20 23:33:20.825 [info] /token-styling closed
2023-10-20 23:33:20.826 [info] /textmate-colors closed
2023-10-20 23:33:20.829 [info] /workbench-colors closed
2023-10-20 23:36:15.516 [info] /settings/user closed
2023-10-20 23:36:16.608 [info] /settings/resourceLanguage closed
2023-10-20 23:36:17.160 [info] /ignoredSettings closed
2023-10-20 23:36:20.790 [info] /launch closed
2023-10-20 23:36:20.943 [info] /token-styling closed
2023-10-20 23:36:20.943 [info] /textmate-colors closed
2023-10-20 23:36:20.943 [info] /workbench-colors closed
2023-10-20 23:39:15.601 [info] /settings/user closed
2023-10-20 23:39:16.659 [info] /settings/resourceLanguage closed
2023-10-20 23:39:17.230 [info] /ignoredSettings closed
2023-10-20 23:39:20.888 [info] /launch closed
2023-10-20 23:39:21.077 [info] /token-styling closed
2023-10-20 23:39:21.077 [info] /textmate-colors closed
2023-10-20 23:39:21.077 [info] /workbench-colors closed
2023-10-20 23:42:15.658 [info] /settings/user closed
2023-10-20 23:42:16.741 [info] /settings/resourceLanguage closed
2023-10-20 23:42:17.301 [info] /ignoredSettings closed
2023-10-20 23:42:21.039 [info] /launch closed
2023-10-20 23:42:21.201 [info] /token-styling closed
2023-10-20 23:42:21.201 [info] /textmate-colors closed
2023-10-20 23:42:21.201 [info] /workbench-colors closed
2023-10-20 23:45:15.728 [info] /settings/user closed
2023-10-20 23:45:16.820 [info] /settings/resourceLanguage closed
2023-10-20 23:45:17.379 [info] /ignoredSettings closed
2023-10-20 23:45:21.167 [info] /launch closed
2023-10-20 23:45:21.353 [info] /token-styling closed
2023-10-20 23:45:21.354 [info] /textmate-colors closed
2023-10-20 23:45:21.354 [info] /workbench-colors closed
2023-10-20 23:48:15.791 [info] /settings/user closed
2023-10-20 23:48:16.902 [info] /settings/resourceLanguage closed
2023-10-20 23:48:17.463 [info] /ignoredSettings closed
2023-10-20 23:48:21.299 [info] /launch closed
2023-10-20 23:48:21.472 [info] /token-styling closed
2023-10-20 23:48:21.473 [info] /textmate-colors closed
2023-10-20 23:48:21.473 [info] /workbench-colors closed
2023-10-20 23:51:15.861 [info] /settings/user closed
2023-10-20 23:51:16.983 [info] /settings/resourceLanguage closed
2023-10-20 23:51:17.557 [info] /ignoredSettings closed
2023-10-20 23:51:21.426 [info] /launch closed
2023-10-20 23:51:21.599 [info] /token-styling closed
2023-10-20 23:51:21.599 [info] /textmate-colors closed
2023-10-20 23:51:21.599 [info] /workbench-colors closed
2023-10-20 23:54:15.930 [info] /settings/user closed
2023-10-20 23:54:17.071 [info] /settings/resourceLanguage closed
2023-10-20 23:54:17.606 [info] /ignoredSettings closed
2023-10-20 23:54:21.545 [info] /launch closed
2023-10-20 23:54:21.715 [info] /token-styling closed
2023-10-20 23:54:21.715 [info] /textmate-colors closed
2023-10-20 23:54:21.716 [info] /workbench-colors closed
2023-10-20 23:57:15.995 [info] /settings/user closed
2023-10-20 23:57:17.155 [info] /settings/resourceLanguage closed
2023-10-20 23:57:17.685 [info] /ignoredSettings closed
2023-10-20 23:57:21.667 [info] /launch closed
2023-10-20 23:57:21.815 [info] /token-styling closed
2023-10-20 23:57:21.816 [info] /textmate-colors closed
2023-10-20 23:57:21.819 [info] /workbench-colors closed
2023-10-20 23:59:50.335 [info] Active editor: file:///mnt/hdd/iSchool/web-dev-course/project0/index.html
2023-10-21 00:00:16.039 [info] /settings/user closed
2023-10-21 00:00:17.239 [info] /settings/resourceLanguage closed
2023-10-21 00:00:17.799 [info] /ignoredSettings closed
2023-10-21 00:00:21.762 [info] /launch closed
2023-10-21 00:00:21.945 [info] /token-styling closed
2023-10-21 00:00:21.946 [info] /textmate-colors closed
2023-10-21 00:00:21.947 [info] /workbench-colors closed
2023-10-21 00:01:14.321 [info] Executing :w
2023-10-21 00:02:00.561 [info] Executing :w
2023-10-21 00:02:18.001 [info] Active editor: file:///mnt/hdd/iSchool/web-dev-course/project0/style.css
2023-10-21 00:02:35.594 [info] Executing :w
2023-10-21 00:03:16.101 [info] /settings/user closed
2023-10-21 00:03:17.309 [info] /settings/resourceLanguage closed
2023-10-21 00:03:17.833 [info] /ignoredSettings closed
2023-10-21 00:03:21.888 [info] /launch closed
2023-10-21 00:03:22.083 [info] /token-styling closed
2023-10-21 00:03:22.083 [info] /textmate-colors closed
2023-10-21 00:03:22.083 [info] /workbench-colors closed
2023-10-21 00:05:14.799 [info] Executing :w
2023-10-21 00:05:24.268 [info] Executing :w
2023-10-21 00:05:31.676 [info] Executing :w
2023-10-21 00:06:00.726 [info] Active editor: file:///mnt/hdd/iSchool/web-dev-course/project0/style.css
2023-10-21 00:06:02.113 [info] Active editor: file:///mnt/hdd/iSchool/web-dev-course/project0/index.html
2023-10-21 00:06:07.475 [info] Executing :w
2023-10-21 00:06:10.839 [info] Executing :w
2023-10-21 00:06:16.164 [info] /settings/user closed
2023-10-21 00:06:17.383 [info] /settings/resourceLanguage closed
2023-10-21 00:06:17.878 [info] /ignoredSettings closed
2023-10-21 00:06:22.026 [info] /launch closed
2023-10-21 00:06:22.211 [info] /token-styling closed
2023-10-21 00:06:22.212 [info] /textmate-colors closed
2023-10-21 00:06:22.213 [info] /workbench-colors closed
2023-10-21 07:48:41.737 [info] /settings/user closed
2023-10-21 07:48:42.972 [info] /settings/resourceLanguage closed
2023-10-21 07:48:43.448 [info] /ignoredSettings closed
2023-10-21 07:48:47.651 [info] /launch closed
2023-10-21 07:48:47.843 [info] /token-styling closed
2023-10-21 07:48:47.843 [info] /textmate-colors closed
2023-10-21 07:48:47.851 [info] /workbench-colors closed
2023-10-21 07:51:41.799 [info] /settings/user closed
2023-10-21 07:51:43.011 [info] /settings/resourceLanguage closed
2023-10-21 07:51:43.519 [info] /ignoredSettings closed
2023-10-21 07:51:47.775 [info] /launch closed
2023-10-21 07:51:47.968 [info] /token-styling closed
2023-10-21 07:51:47.969 [info] /textmate-colors closed
2023-10-21 07:51:47.969 [info] /workbench-colors closed
2023-10-21 07:52:12.827 [info] Active editor: file:///mnt/hdd/iSchool/web-dev-course/project0/style.css
2023-10-21 07:52:20.760 [info] Executing :w
2023-10-21 07:52:44.891 [info] Executing :w
2023-10-21 07:54:41.871 [info] /settings/user closed
2023-10-21 07:54:43.107 [info] /settings/resourceLanguage closed
2023-10-21 07:54:43.604 [info] /ignoredSettings closed
2023-10-21 07:54:47.925 [info] /launch closed
2023-10-21 07:54:48.111 [info] /token-styling closed
2023-10-21 07:54:48.111 [info] /textmate-colors closed
2023-10-21 07:54:48.112 [info] /workbench-colors closed
2023-10-21 07:57:41.970 [info] /settings/user closed
2023-10-21 07:57:43.186 [info] /settings/resourceLanguage closed
2023-10-21 07:57:43.677 [info] /ignoredSettings closed
2023-10-21 07:57:48.039 [info] /launch closed
2023-10-21 07:57:48.211 [info] /token-styling closed
2023-10-21 07:57:48.211 [info] /textmate-colors closed
2023-10-21 07:57:48.215 [info] /workbench-colors closed
2023-10-21 08:00:42.024 [info] /settings/user closed
2023-10-21 08:00:43.254 [info] /settings/resourceLanguage closed
2023-10-21 08:00:43.725 [info] /ignoredSettings closed
2023-10-21 08:00:48.153 [info] /launch closed
2023-10-21 08:00:48.338 [info] /token-styling closed
2023-10-21 08:00:48.338 [info] /textmate-colors closed
2023-10-21 08:00:48.344 [info] /workbench-colors closed
2023-10-21 08:03:42.114 [info] /settings/user closed
2023-10-21 08:03:43.316 [info] /settings/resourceLanguage closed
2023-10-21 08:03:43.787 [info] /ignoredSettings closed
2023-10-21 08:03:48.253 [info] /launch closed
2023-10-21 08:03:48.560 [info] /token-styling closed
2023-10-21 08:03:48.564 [info] /textmate-colors closed
2023-10-21 08:03:48.575 [info] /workbench-colors closed
2023-10-21 08:06:11.127 [info] Active editor: file:///mnt/hdd/iSchool/web-dev-course/project0/index.html
2023-10-21 08:06:42.170 [info] /settings/user closed
2023-10-21 08:06:43.432 [info] /settings/resourceLanguage closed
2023-10-21 08:06:43.861 [info] /ignoredSettings closed
2023-10-21 08:06:45.349 [info] Executing :w
2023-10-21 08:06:48.391 [info] Active editor: file:///mnt/hdd/iSchool/web-dev-course/project0/style.css
2023-10-21 08:06:48.426 [info] /launch closed
2023-10-21 08:06:48.619 [info] /token-styling closed
2023-10-21 08:06:48.620 [info] /textmate-colors closed
2023-10-21 08:06:48.625 [info] /workbench-colors closed
2023-10-21 08:06:51.193 [info] Executing :w
2023-10-21 08:07:06.854 [info] Executing :w
2023-10-21 08:07:11.084 [info] Active editor: file:///mnt/hdd/iSchool/web-dev-course/project0/index.html
2023-10-21 08:07:14.749 [info] Executing :w
2023-10-21 08:07:20.445 [info] Active editor: file:///mnt/hdd/iSchool/web-dev-course/project0/style.css
2023-10-21 08:07:25.712 [info] Executing :w
2023-10-21 08:07:44.863 [info] Executing :w
2023-10-21 08:08:04.516 [info] Executing :w
2023-10-21 08:08:16.791 [info] Executing :w
2023-10-21 08:08:25.966 [info] Active editor: file:///mnt/hdd/iSchool/web-dev-course/project0/index.html
2023-10-21 08:08:34.685 [info] Executing :w
2023-10-21 08:08:36.116 [info] Active editor: file:///mnt/hdd/iSchool/web-dev-course/project0/style.css
2023-10-21 08:08:52.806 [info] Executing :w
2023-10-21 08:09:08.932 [info] Executing :w
2023-10-21 08:09:24.232 [info] Active editor: file:///mnt/hdd/iSchool/web-dev-course/project0/index.html
2023-10-21 08:09:27.695 [info] Executing :w
2023-10-21 08:09:31.922 [info] Active editor: file:///mnt/hdd/iSchool/web-dev-course/project0/style.css
2023-10-21 08:09:35.451 [info] Executing :w
2023-10-21 08:09:42.259 [info] /settings/user closed
2023-10-21 08:09:43.504 [info] /settings/resourceLanguage closed
2023-10-21 08:09:43.901 [info] /ignoredSettings closed
2023-10-21 08:09:47.174 [info] Executing :w
2023-10-21 08:09:48.555 [info] /launch closed
2023-10-21 08:09:48.730 [info] /token-styling closed
2023-10-21 08:09:48.730 [info] /textmate-colors closed
2023-10-21 08:09:48.733 [info] /workbench-colors closed
2023-10-21 08:10:00.339 [info] Executing :w
2023-10-21 08:11:50.403 [info] Executing :w
2023-10-21 08:12:05.916 [info] Executing :w
2023-10-21 08:12:19.512 [info] Executing :w
2023-10-21 08:12:24.100 [info] Executing :w
2023-10-21 08:12:26.179 [info] Executing :w
2023-10-21 08:12:42.311 [info] /settings/user closed
2023-10-21 08:12:43.563 [info] /settings/resourceLanguage closed
2023-10-21 08:12:43.976 [info] /ignoredSettings closed
2023-10-21 08:12:48.684 [info] /launch closed
2023-10-21 08:12:48.837 [info] /token-styling closed
2023-10-21 08:12:48.837 [info] /textmate-colors closed
2023-10-21 08:12:48.837 [info] /workbench-colors closed
2023-10-21 08:13:29.801 [info] Executing :w
2023-10-21 08:13:39.577 [info] Executing :w
2023-10-21 08:13:53.624 [info] Executing :w
2023-10-21 08:14:01.206 [info] Executing :w
2023-10-21 08:14:10.776 [info] Executing :w
2023-10-21 08:14:16.741 [info] Executing :w
2023-10-21 08:15:42.383 [info] /settings/user closed
2023-10-21 08:15:43.633 [info] /settings/resourceLanguage closed
2023-10-21 08:15:44.015 [info] /ignoredSettings closed
2023-10-21 08:15:48.781 [info] /launch closed
2023-10-21 08:15:48.969 [info] /token-styling closed
2023-10-21 08:15:48.969 [info] /textmate-colors closed
2023-10-21 08:15:48.969 [info] /workbench-colors closed
2023-10-21 08:17:39.680 [info] Active editor: file:///mnt/hdd/iSchool/web-dev-course/project0/index.html
2023-10-21 08:18:22.244 [info] Executing :w
2023-10-21 08:18:24.700 [info] Executing :w
2023-10-21 08:18:27.059 [info] Active editor: file:///mnt/hdd/iSchool/web-dev-course/project0/style.css
2023-10-21 08:18:30.553 [info] Active editor: file:///mnt/hdd/iSchool/web-dev-course/project0/index.html
2023-10-21 08:18:31.466 [info] Active editor: file:///mnt/hdd/iSchool/web-dev-course/project0/style.css
2023-10-21 08:18:42.468 [info] /settings/user closed
2023-10-21 08:18:43.729 [info] /settings/resourceLanguage closed
2023-10-21 08:18:44.080 [info] /ignoredSettings closed
2023-10-21 08:18:44.814 [info] Executing :w
2023-10-21 08:18:48.928 [info] /launch closed
2023-10-21 08:18:49.100 [info] /token-styling closed
2023-10-21 08:18:49.100 [info] /textmate-colors closed
2023-10-21 08:18:49.100 [info] /workbench-colors closed
2023-10-21 08:18:52.231 [info] Executing :w
2023-10-21 08:19:10.411 [info] Executing :w
2023-10-21 08:19:26.542 [info] Executing :w
2023-10-21 08:19:36.675 [info] Executing :w
2023-10-21 08:19:39.132 [info] Executing :w
2023-10-21 08:19:57.647 [info] Executing :w
2023-10-21 08:20:09.262 [info] Active editor: file:///mnt/hdd/iSchool/web-dev-course/project0/index.html
2023-10-21 08:20:22.543 [info] Executing :w
2023-10-21 08:21:42.543 [info] /settings/user closed
2023-10-21 08:21:43.806 [info] /settings/resourceLanguage closed
2023-10-21 08:21:44.123 [info] /ignoredSettings closed
2023-10-21 08:21:49.049 [info] /launch closed
2023-10-21 08:21:49.205 [info] /token-styling closed
2023-10-21 08:21:49.205 [info] /textmate-colors closed
2023-10-21 08:21:49.205 [info] /workbench-colors closed
2023-10-21 08:24:42.606 [info] /settings/user closed
2023-10-21 08:24:43.877 [info] /settings/resourceLanguage closed
2023-10-21 08:24:44.199 [info] /ignoredSettings closed
2023-10-21 08:24:49.158 [info] /launch closed
2023-10-21 08:24:49.357 [info] /token-styling closed
2023-10-21 08:24:49.358 [info] /textmate-colors closed
2023-10-21 08:24:49.358 [info] /workbench-colors closed
2023-10-21 08:27:42.670 [info] /settings/user closed
2023-10-21 08:27:43.993 [info] /settings/resourceLanguage closed
2023-10-21 08:27:44.312 [info] /ignoredSettings closed
2023-10-21 08:27:49.281 [info] /launch closed
2023-10-21 08:27:49.518 [info] /token-styling closed
2023-10-21 08:27:49.519 [info] /textmate-colors closed
2023-10-21 08:27:49.523 [info] /workbench-colors closed
2023-10-21 08:30:42.749 [info] /settings/user closed
2023-10-21 08:30:44.057 [info] /settings/resourceLanguage closed
2023-10-21 08:30:44.399 [info] /ignoredSettings closed
2023-10-21 08:30:49.428 [info] /launch closed
2023-10-21 08:30:49.740 [info] /token-styling closed
2023-10-21 08:30:49.741 [info] /textmate-colors closed
2023-10-21 08:30:49.768 [info] /workbench-colors closed
2023-10-21 08:33:42.824 [info] /settings/user closed
2023-10-21 08:33:44.111 [info] /settings/resourceLanguage closed
2023-10-21 08:33:44.482 [info] /ignoredSettings closed
2023-10-21 08:33:49.553 [info] /launch closed
2023-10-21 08:33:49.832 [info] /token-styling closed
2023-10-21 08:33:49.833 [info] /textmate-colors closed
2023-10-21 08:33:49.909 [info] /workbench-colors closed
2023-10-21 08:36:42.881 [info] /settings/user closed
2023-10-21 08:36:44.183 [info] /settings/resourceLanguage closed
2023-10-21 08:36:44.562 [info] /ignoredSettings closed
2023-10-21 08:36:49.673 [info] /launch closed
2023-10-21 08:36:49.877 [info] /token-styling closed
2023-10-21 08:36:49.877 [info] /textmate-colors closed
2023-10-21 08:36:49.956 [info] /workbench-colors closed
2023-10-21 08:39:42.955 [info] /settings/user closed
2023-10-21 08:39:44.265 [info] /settings/resourceLanguage closed
2023-10-21 08:39:44.658 [info] /ignoredSettings closed
2023-10-21 08:39:49.787 [info] /launch closed
2023-10-21 08:39:49.949 [info] /token-styling closed
2023-10-21 08:39:49.949 [info] /textmate-colors closed
2023-10-21 08:39:50.021 [info] /workbench-colors closed
2023-10-21 08:42:43.001 [info] /settings/user closed
2023-10-21 08:42:44.353 [info] /settings/resourceLanguage closed
2023-10-21 08:42:44.735 [info] /ignoredSettings closed
2023-10-21 08:42:49.869 [info] /launch closed
2023-10-21 08:42:50.019 [info] /token-styling closed
2023-10-21 08:42:50.019 [info] /textmate-colors closed
2023-10-21 08:42:50.095 [info] /workbench-colors closed
2023-10-21 08:45:43.046 [info] /settings/user closed
2023-10-21 08:45:44.444 [info] /settings/resourceLanguage closed
2023-10-21 08:45:44.828 [info] /ignoredSettings closed
2023-10-21 08:45:49.970 [info] /launch closed
2023-10-21 08:45:50.140 [info] /token-styling closed
2023-10-21 08:45:50.140 [info] /textmate-colors closed
2023-10-21 08:45:50.141 [info] /workbench-colors closed
2023-10-21 08:48:43.131 [info] /settings/user closed
2023-10-21 08:48:44.532 [info] /settings/resourceLanguage closed
2023-10-21 08:48:44.911 [info] /ignoredSettings closed
2023-10-21 08:48:50.091 [info] /launch closed
2023-10-21 08:48:50.245 [info] /token-styling closed
2023-10-21 08:48:50.245 [info] /textmate-colors closed
2023-10-21 08:48:50.249 [info] /workbench-colors closed
2023-10-21 08:51:43.200 [info] /settings/user closed
2023-10-21 08:51:44.620 [info] /settings/resourceLanguage closed
2023-10-21 08:51:44.989 [info] /ignoredSettings closed
2023-10-21 08:51:50.175 [info] /launch closed
2023-10-21 08:51:50.330 [info] /token-styling closed
2023-10-21 08:51:50.331 [info] /textmate-colors closed
2023-10-21 08:51:50.331 [info] /workbench-colors closed
2023-10-21 08:54:43.261 [info] /settings/user closed
2023-10-21 08:54:44.713 [info] /settings/resourceLanguage closed
2023-10-21 08:54:45.065 [info] /ignoredSettings closed
2023-10-21 08:54:50.289 [info] /launch closed
2023-10-21 08:54:50.474 [info] /token-styling closed
2023-10-21 08:54:50.474 [info] /textmate-colors closed
2023-10-21 08:54:50.474 [info] /workbench-colors closed
2023-10-21 08:57:43.367 [info] /settings/user closed
2023-10-21 08:57:44.797 [info] /settings/resourceLanguage closed
2023-10-21 08:57:45.150 [info] /ignoredSettings closed
2023-10-21 08:57:50.427 [info] /launch closed
2023-10-21 08:57:50.604 [info] /token-styling closed
2023-10-21 08:57:50.604 [info] /textmate-colors closed
2023-10-21 08:57:50.605 [info] /workbench-colors closed
2023-10-21 09:00:43.436 [info] /settings/user closed
2023-10-21 09:00:44.870 [info] /settings/resourceLanguage closed
2023-10-21 09:00:45.222 [info] /ignoredSettings closed
2023-10-21 09:00:50.557 [info] /launch closed
2023-10-21 09:00:50.711 [info] /token-styling closed
2023-10-21 09:00:50.712 [info] /textmate-colors closed
2023-10-21 09:00:50.712 [info] /workbench-colors closed
2023-10-21 09:03:43.500 [info] /settings/user closed
2023-10-21 09:03:44.954 [info] /settings/resourceLanguage closed
2023-10-21 09:03:45.295 [info] /ignoredSettings closed
2023-10-21 09:03:50.679 [info] /launch closed
2023-10-21 09:03:50.871 [info] /token-styling closed
2023-10-21 09:03:50.872 [info] /textmate-colors closed
2023-10-21 09:03:50.872 [info] /workbench-colors closed
2023-10-21 09:06:43.560 [info] /settings/user closed
2023-10-21 09:06:45.036 [info] /settings/resourceLanguage closed
2023-10-21 09:06:45.371 [info] /ignoredSettings closed
2023-10-21 09:06:50.824 [info] /launch closed
2023-10-21 09:06:51.032 [info] /token-styling closed
2023-10-21 09:06:51.033 [info] /textmate-colors closed
2023-10-21 09:06:51.039 [info] /workbench-colors closed
2023-10-21 09:09:43.623 [info] /settings/user closed
2023-10-21 09:09:45.110 [info] /settings/resourceLanguage closed
2023-10-21 09:09:45.449 [info] /ignoredSettings closed
2023-10-21 09:09:50.967 [info] /launch closed
2023-10-21 09:09:51.127 [info] /token-styling closed
2023-10-21 09:09:51.127 [info] /textmate-colors closed
2023-10-21 09:09:51.131 [info] /workbench-colors closed
2023-10-21 09:12:43.705 [info] /settings/user closed
2023-10-21 09:12:45.191 [info] /settings/resourceLanguage closed
2023-10-21 09:12:45.522 [info] /ignoredSettings closed
2023-10-21 09:12:51.053 [info] /launch closed
2023-10-21 09:12:51.207 [info] /token-styling closed
2023-10-21 09:12:51.208 [info] /textmate-colors closed
2023-10-21 09:12:51.211 [info] /workbench-colors closed
2023-10-21 09:15:43.749 [info] /settings/user closed
2023-10-21 09:15:45.269 [info] /settings/resourceLanguage closed
2023-10-21 09:15:45.592 [info] /ignoredSettings closed
2023-10-21 09:15:51.135 [info] /launch closed
2023-10-21 09:15:51.384 [info] /token-styling closed
2023-10-21 09:15:51.384 [info] /textmate-colors closed
2023-10-21 09:15:51.384 [info] /workbench-colors closed
2023-10-21 09:18:43.808 [info] /settings/user closed
2023-10-21 09:18:45.378 [info] /settings/resourceLanguage closed
2023-10-21 09:18:45.698 [info] /ignoredSettings closed
2023-10-21 09:18:51.305 [info] /launch closed
2023-10-21 09:18:51.617 [info] /token-styling closed
2023-10-21 09:18:51.617 [info] /textmate-colors closed
2023-10-21 09:18:51.621 [info] /workbench-colors closed
2023-10-21 09:21:43.868 [info] /settings/user closed
2023-10-21 09:21:45.439 [info] /settings/resourceLanguage closed
2023-10-21 09:21:45.782 [info] /ignoredSettings closed
2023-10-21 09:21:51.500 [info] /launch closed
2023-10-21 09:21:51.740 [info] /token-styling closed
2023-10-21 09:21:51.741 [info] /textmate-colors closed
2023-10-21 09:21:51.741 [info] /workbench-colors closed
2023-10-21 09:24:44.005 [info] /settings/user closed
2023-10-21 09:24:45.553 [info] /settings/resourceLanguage closed
2023-10-21 09:24:45.893 [info] /ignoredSettings closed
2023-10-21 09:24:51.688 [info] /launch closed
2023-10-21 09:24:51.932 [info] /token-styling closed
2023-10-21 09:24:51.933 [info] /textmate-colors closed
2023-10-21 09:24:51.941 [info] /workbench-colors closed
2023-10-21 09:27:44.080 [info] /settings/user closed
2023-10-21 09:27:45.637 [info] /settings/resourceLanguage closed
2023-10-21 09:27:45.992 [info] /ignoredSettings closed
2023-10-21 09:27:51.855 [info] /launch closed
2023-10-21 09:27:52.136 [info] /token-styling closed
2023-10-21 09:27:52.137 [info] /textmate-colors closed
2023-10-21 09:27:52.161 [info] /workbench-colors closed
2023-10-21 09:30:44.149 [info] /settings/user closed
2023-10-21 09:30:45.719 [info] /settings/resourceLanguage closed
2023-10-21 09:30:46.070 [info] /ignoredSettings closed
2023-10-21 09:30:51.957 [info] /launch closed
2023-10-21 09:30:52.221 [info] /token-styling closed
2023-10-21 09:30:52.222 [info] /textmate-colors closed
2023-10-21 09:30:52.297 [info] /workbench-colors closed
2023-10-21 09:33:44.217 [info] /settings/user closed
2023-10-21 09:33:45.802 [info] /settings/resourceLanguage closed
2023-10-21 09:33:46.150 [info] /ignoredSettings closed
2023-10-21 09:33:52.097 [info] /launch closed
2023-10-21 09:33:52.265 [info] /token-styling closed
2023-10-21 09:33:52.265 [info] /textmate-colors closed
2023-10-21 09:33:52.339 [info] /workbench-colors closed
2023-10-21 09:36:44.284 [info] /settings/user closed
2023-10-21 09:36:45.887 [info] /settings/resourceLanguage closed
2023-10-21 09:36:46.231 [info] /ignoredSettings closed
2023-10-21 09:36:52.208 [info] /launch closed
2023-10-21 09:36:52.404 [info] /token-styling closed
2023-10-21 09:36:52.407 [info] /textmate-colors closed
2023-10-21 09:36:52.447 [info] /workbench-colors closed
2023-10-21 09:39:44.354 [info] /settings/user closed
2023-10-21 09:39:45.971 [info] /settings/resourceLanguage closed
2023-10-21 09:39:46.308 [info] /ignoredSettings closed
2023-10-21 09:39:52.356 [info] /launch closed
2023-10-21 09:39:52.532 [info] /token-styling closed
2023-10-21 09:39:52.532 [info] /textmate-colors closed
2023-10-21 09:39:52.532 [info] /workbench-colors closed
2023-10-21 09:42:44.422 [info] /settings/user closed
2023-10-21 09:42:46.031 [info] /settings/resourceLanguage closed
2023-10-21 09:42:46.390 [info] /ignoredSettings closed
2023-10-21 09:42:52.492 [info] /launch closed
2023-10-21 09:42:52.667 [info] /token-styling closed
2023-10-21 09:42:52.667 [info] /textmate-colors closed
2023-10-21 09:42:52.668 [info] /workbench-colors closed
2023-10-21 09:45:44.469 [info] /settings/user closed
2023-10-21 09:45:46.109 [info] /settings/resourceLanguage closed
2023-10-21 09:45:46.462 [info] /ignoredSettings closed
2023-10-21 09:45:52.623 [info] /launch closed
2023-10-21 09:45:52.799 [info] /token-styling closed
2023-10-21 09:45:52.799 [info] /textmate-colors closed
2023-10-21 09:45:52.799 [info] /workbench-colors closed
2023-10-21 09:48:44.536 [info] /settings/user closed
2023-10-21 09:48:46.176 [info] /settings/resourceLanguage closed
2023-10-21 09:48:46.541 [info] /ignoredSettings closed
2023-10-21 09:48:52.751 [info] /launch closed
2023-10-21 09:48:52.932 [info] /token-styling closed
2023-10-21 09:48:52.932 [info] /textmate-colors closed
2023-10-21 09:48:52.932 [info] /workbench-colors closed
2023-10-21 09:51:44.606 [info] /settings/user closed
2023-10-21 09:51:46.257 [info] /settings/resourceLanguage closed
2023-10-21 09:51:46.617 [info] /ignoredSettings closed
2023-10-21 09:51:52.895 [info] /launch closed
2023-10-21 09:51:53.047 [info] /token-styling closed
2023-10-21 09:51:53.047 [info] /textmate-colors closed
2023-10-21 09:51:53.048 [info] /workbench-colors closed
2023-10-21 09:54:44.653 [info] /settings/user closed
2023-10-21 09:54:46.339 [info] /settings/resourceLanguage closed
2023-10-21 09:54:46.687 [info] /ignoredSettings closed
2023-10-21 09:54:53.006 [info] /launch closed
2023-10-21 09:54:53.162 [info] /token-styling closed
2023-10-21 09:54:53.163 [info] /textmate-colors closed
2023-10-21 09:54:53.166 [info] /workbench-colors closed
2023-10-21 09:57:44.716 [info] /settings/user closed
2023-10-21 09:57:46.388 [info] /settings/resourceLanguage closed
2023-10-21 09:57:46.756 [info] /ignoredSettings closed
2023-10-21 09:57:53.115 [info] /launch closed
2023-10-21 09:57:53.285 [info] /token-styling closed
2023-10-21 09:57:53.286 [info] /textmate-colors closed
2023-10-21 09:57:53.289 [info] /workbench-colors closed
2023-10-21 10:00:44.784 [info] /settings/user closed
2023-10-21 10:00:46.479 [info] /settings/resourceLanguage closed
2023-10-21 10:00:46.827 [info] /ignoredSettings closed
2023-10-21 10:00:53.223 [info] /launch closed
2023-10-21 10:00:53.411 [info] /token-styling closed
2023-10-21 10:00:53.412 [info] /textmate-colors closed
2023-10-21 10:00:53.412 [info] /workbench-colors closed
2023-10-21 10:03:44.848 [info] /settings/user closed
2023-10-21 10:03:46.557 [info] /settings/resourceLanguage closed
2023-10-21 10:03:46.885 [info] /ignoredSettings closed
2023-10-21 10:03:53.361 [info] /launch closed
2023-10-21 10:03:53.515 [info] /token-styling closed
2023-10-21 10:03:53.515 [info] /textmate-colors closed
2023-10-21 10:03:53.519 [info] /workbench-colors closed
2023-10-21 10:06:44.914 [info] /settings/user closed
2023-10-21 10:06:46.633 [info] /settings/resourceLanguage closed
2023-10-21 10:06:46.958 [info] /ignoredSettings closed
2023-10-21 10:06:53.444 [info] /launch closed
2023-10-21 10:06:53.608 [info] /token-styling closed
2023-10-21 10:06:53.608 [info] /textmate-colors closed
2023-10-21 10:06:53.609 [info] /workbench-colors closed
2023-10-21 10:09:44.951 [info] /settings/user closed
2023-10-21 10:09:46.706 [info] /settings/resourceLanguage closed
2023-10-21 10:09:47.002 [info] /ignoredSettings closed
2023-10-21 10:09:53.556 [info] /launch closed
2023-10-21 10:09:53.718 [info] /token-styling closed
2023-10-21 10:09:53.718 [info] /textmate-colors closed
2023-10-21 10:09:53.719 [info] /workbench-colors closed
2023-10-21 13:18:47.502 [info] /settings/user closed
2023-10-21 13:18:49.239 [info] /settings/resourceLanguage closed
2023-10-21 13:18:49.558 [info] /ignoredSettings closed
2023-10-21 13:18:56.165 [info] /launch closed
2023-10-21 13:18:56.462 [info] /token-styling closed
2023-10-21 13:18:56.463 [info] /textmate-colors closed
2023-10-21 13:18:56.463 [info] /workbench-colors closed
2023-10-21 13:21:47.565 [info] /settings/user closed
2023-10-21 13:21:49.300 [info] /settings/resourceLanguage closed
2023-10-21 13:21:49.665 [info] /ignoredSettings closed
2023-10-21 13:21:56.378 [info] /launch closed
2023-10-21 13:21:56.698 [info] /token-styling closed
2023-10-21 13:21:56.699 [info] /textmate-colors closed
2023-10-21 13:21:56.699 [info] /workbench-colors closed
2023-10-21 13:24:47.693 [info] /settings/user closed
2023-10-21 13:24:49.371 [info] /settings/resourceLanguage closed
2023-10-21 13:24:49.754 [info] /ignoredSettings closed
2023-10-21 13:24:56.603 [info] /launch closed
2023-10-21 13:24:56.922 [info] /token-styling closed
2023-10-21 13:24:56.923 [info] /textmate-colors closed
2023-10-21 13:24:56.934 [info] /workbench-colors closed
2023-10-21 13:27:47.738 [info] /settings/user closed
2023-10-21 13:27:49.448 [info] /settings/resourceLanguage closed
2023-10-21 13:27:49.806 [info] /ignoredSettings closed
2023-10-21 13:27:56.778 [info] /launch closed
2023-10-21 13:27:57.041 [info] /token-styling closed
2023-10-21 13:27:57.042 [info] /textmate-colors closed
2023-10-21 13:27:57.046 [info] /workbench-colors closed
2023-10-21 13:30:47.817 [info] /settings/user closed
2023-10-21 13:30:49.576 [info] /settings/resourceLanguage closed
2023-10-21 13:30:49.885 [info] /ignoredSettings closed
2023-10-21 13:30:56.953 [info] /launch closed
2023-10-21 13:30:57.143 [info] /token-styling closed
2023-10-21 13:30:57.143 [info] /textmate-colors closed
2023-10-21 13:30:57.143 [info] /workbench-colors closed
2023-10-21 13:33:47.884 [info] /settings/user closed
2023-10-21 13:33:49.649 [info] /settings/resourceLanguage closed
2023-10-21 13:33:49.959 [info] /ignoredSettings closed
2023-10-21 13:33:57.079 [info] /launch closed
2023-10-21 13:33:57.357 [info] /token-styling closed
2023-10-21 13:33:57.358 [info] /textmate-colors closed
2023-10-21 13:33:57.358 [info] /workbench-colors closed
2023-10-21 13:36:47.952 [info] /settings/user closed
2023-10-21 13:36:49.751 [info] /settings/resourceLanguage closed
2023-10-21 13:36:50.029 [info] /ignoredSettings closed
2023-10-21 13:36:57.262 [info] /launch closed
2023-10-21 13:36:57.604 [info] /token-styling closed
2023-10-21 13:36:57.604 [info] /textmate-colors closed
2023-10-21 13:36:57.613 [info] /workbench-colors closed
2023-10-21 13:39:47.996 [info] /settings/user closed
2023-10-21 13:39:49.828 [info] /settings/resourceLanguage closed
2023-10-21 13:39:50.108 [info] /ignoredSettings closed
2023-10-21 13:39:57.399 [info] /launch closed
2023-10-21 13:39:57.647 [info] /token-styling closed
2023-10-21 13:39:57.648 [info] /textmate-colors closed
2023-10-21 13:39:57.742 [info] /workbench-colors closed
2023-10-21 13:42:48.045 [info] /settings/user closed
2023-10-21 13:42:49.893 [info] /settings/resourceLanguage closed
2023-10-21 13:42:50.188 [info] /ignoredSettings closed
2023-10-21 13:42:57.501 [info] /launch closed
2023-10-21 13:42:57.684 [info] /token-styling closed
2023-10-21 13:42:57.685 [info] /textmate-colors closed
2023-10-21 13:42:57.781 [info] /workbench-colors closed
2023-10-21 13:45:39.199 [info] Executing :w
2023-10-21 13:45:48.110 [info] /settings/user closed
2023-10-21 13:45:49.971 [info] /settings/resourceLanguage closed
2023-10-21 13:45:50.248 [info] /ignoredSettings closed
2023-10-21 13:45:57.630 [info] /launch closed
2023-10-21 13:45:57.809 [info] /token-styling closed
2023-10-21 13:45:57.810 [info] /textmate-colors closed
2023-10-21 13:45:57.859 [info] /workbench-colors closed
2023-10-21 13:46:24.914 [info] Executing :w
2023-10-21 13:47:43.165 [info] Executing :w
2023-10-21 13:47:44.922 [info] Executing :w
2023-10-21 13:48:00.509 [info] Executing :w
2023-10-21 13:48:10.671 [info] Active editor: file:///mnt/hdd/iSchool/web-dev-course/project0/style.css
2023-10-21 13:48:22.120 [info] Executing :w
2023-10-21 13:48:41.141 [info] Executing :w
2023-10-21 13:48:42.380 [info] Active editor: file:///mnt/hdd/iSchool/web-dev-course/project0/index.html
2023-10-21 13:48:48.192 [info] /settings/user closed
2023-10-21 13:48:50.060 [info] /settings/resourceLanguage closed
2023-10-21 13:48:50.348 [info] /ignoredSettings closed
2023-10-21 13:48:57.753 [info] /launch closed
2023-10-21 13:48:57.904 [info] /token-styling closed
2023-10-21 13:48:57.905 [info] /textmate-colors closed
2023-10-21 13:48:57.910 [info] /workbench-colors closed
2023-10-21 13:49:01.084 [info] Executing :w
2023-10-21 13:49:31.960 [info] Executing :w
2023-10-21 13:50:18.258 [info] Executing :w
2023-10-21 13:50:32.046 [info] Executing :w
2023-10-21 13:50:42.360 [info] Active editor: vscode-userdata:/home/shelf/.config/Code/User/settings.json
2023-10-21 13:50:47.455 [info] /home/shelf/.config/Code/User/settings.json closed
2023-10-21 13:50:47.461 [info] Active editor: file:///mnt/hdd/iSchool/web-dev-course/project0/index.html
2023-10-21 13:51:48.268 [info] /settings/user closed
2023-10-21 13:51:50.111 [info] /settings/resourceLanguage closed
2023-10-21 13:51:50.450 [info] /ignoredSettings closed
2023-10-21 13:51:57.844 [info] /launch closed
2023-10-21 13:51:57.934 [info] Executing :w
2023-10-21 13:51:57.993 [info] /token-styling closed
2023-10-21 13:51:57.994 [info] /textmate-colors closed
2023-10-21 13:51:57.996 [info] /workbench-colors closed
2023-10-21 13:52:05.154 [warning] invalid cursor position. [[9, 7] | [9, 7]].
2023-10-21 13:52:05.154 [warning] invalid cursor position. [[9, 7] | [9, 7]].
2023-10-21 13:52:09.674 [info] Executing :w
2023-10-21 13:53:03.008 [info] Executing :w
2023-10-21 13:54:14.185 [info] Executing :w
2023-10-21 13:54:44.092 [info] Executing :w
2023-10-21 13:54:54.967 [info] Executing :w
2023-10-21 13:55:04.843 [warning] invalid cursor position. [[10, 46] | [10, 46]].
2023-10-21 13:55:04.844 [warning] invalid cursor position. [[10, 46] | [10, 46]].
2023-10-21 13:55:05.573 [info] Executing :w
2023-10-21 13:58:11.847 [warning] invalid cursor position. [[8, 4] | [8, 4]].
2023-10-21 13:58:11.847 [warning] invalid cursor position. [[8, 4] | [8, 4]].
2023-10-21 13:58:29.051 [info] Executing :w
2023-10-21 13:58:30.431 [info] Active editor: file:///mnt/hdd/iSchool/web-dev-course/project0/style.css
2023-10-21 13:58:44.326 [info] Executing :w
2023-10-21 13:59:04.615 [info] Executing :w
2023-10-21 13:59:21.099 [info] Executing :w
2023-10-21 13:59:29.273 [info] Executing :w
2023-10-21 13:59:34.906 [info] Executing :w
2023-10-21 13:59:57.534 [info] Executing :w
2023-10-21 14:01:34.594 [info] Active editor: file:///mnt/hdd/iSchool/web-dev-course/project0/index.html
2023-10-21 14:01:52.189 [warning] invalid cursor position. [[9, 8] | [9, 8]].
2023-10-21 14:01:52.189 [warning] invalid cursor position. [[9, 8] | [9, 8]].
2023-10-21 14:02:20.629 [info] Executing :w
2023-10-21 14:02:34.703 [info] Executing :w
2023-10-21 14:02:49.036 [info] Executing :w
2023-10-21 14:02:58.443 [info] Executing :w
2023-10-21 14:03:12.440 [info] Executing :w
2023-10-21 14:03:13.807 [info] Active editor: file:///mnt/hdd/iSchool/web-dev-course/project0/style.css
2023-10-21 14:03:34.033 [info] Executing :w
2023-10-21 14:03:47.805 [info] Executing :w
2023-10-21 14:03:50.521 [info] Executing :w
2023-10-21 14:03:56.054 [info] Executing :w
2023-10-21 14:04:03.077 [info] Active editor: file:///mnt/hdd/iSchool/web-dev-course/project0/index.html
2023-10-21 14:04:05.012 [info] Active editor: file:///mnt/hdd/iSchool/web-dev-course/project0/style.css
2023-10-21 14:04:16.291 [info] Executing :w
2023-10-21 14:04:33.537 [info] Executing :w
2023-10-21 14:04:55.544 [info] Executing :w
2023-10-21 14:05:18.278 [info] Executing :w
2023-10-21 14:05:31.582 [info] Executing :w
2023-10-21 18:01:22.865 [info] Active editor: file:///mnt/hdd/iSchool/web-dev-course/project0/index.html
2023-10-21 18:01:36.931 [warning] invalid cursor position. [[6, 6] | [6, 6]].
2023-10-21 18:01:36.932 [warning] invalid cursor position. [[6, 6] | [6, 6]].
2023-10-21 18:01:49.007 [info] Executing :w
2023-10-21 18:02:42.010 [info] Executing :w
2023-10-21 18:02:57.468 [info] Executing :w
2023-10-21 18:03:04.592 [info] Executing :w
2023-10-21 18:07:36.095 [info] Active editor: file:///mnt/hdd/iSchool/web-dev-course/project0/style.css
2023-10-21 18:07:48.984 [info] Active editor: file:///mnt/hdd/iSchool/web-dev-course/project0/index.html
2023-10-21 18:07:56.882 [info] Active editor: file:///mnt/hdd/iSchool/web-dev-course/project0/style.css
2023-10-21 18:08:02.236 [info] Executing :w
2023-10-21 18:08:03.898 [info] Active editor: file:///mnt/hdd/iSchool/web-dev-course/project0/index.html
2023-10-21 18:08:05.235 [info] Executing :w
2023-10-21 18:08:13.700 [info] Active editor: file:///mnt/hdd/iSchool/web-dev-course/project0/style.css
2023-10-21 18:08:36.671 [info] Executing :w
2023-10-21 18:08:38.172 [info] Active editor: file:///mnt/hdd/iSchool/web-dev-course/project0/index.html
2023-10-21 18:08:40.761 [info] Executing :w
2023-10-21 19:09:09.320 [info] Executing :w
2023-10-21 19:09:12.117 [info] Active editor: file:///mnt/hdd/iSchool/web-dev-course/project0/style.css
2023-10-21 19:09:26.102 [info] Executing :w
2023-10-21 19:09:35.105 [info] Active editor: file:///mnt/hdd/iSchool/web-dev-course/project0/index.html
2023-10-21 19:20:21.102 [info] Executing :w
2023-10-21 19:20:27.581 [info] Executing :w
2023-10-21 19:20:28.472 [info] Executing :w
2023-10-21 19:20:33.576 [info] Executing :w
2023-10-21 19:20:44.690 [info] Executing :w
2023-10-21 20:39:27.131 [info] Active editor: file:///mnt/hdd/iSchool/web-dev-course/project0/index.html
2023-10-21 20:39:27.896 [info] Active editor: file:///mnt/hdd/iSchool/web-dev-course/project0/index.html
2023-10-21 20:39:29.334 [info] Active editor: file:///mnt/hdd/iSchool/web-dev-course/project0/index.html
2023-10-21 20:39:30.480 [info] Active editor: file:///mnt/hdd/iSchool/web-dev-course/project0/index.html
